000 (57293.000.000) 05/01 18:16:29 Job submitted from host: <10.0.0.98:9619?sock=8470_fde9_3>
...
000 (57293.001.000) 05/01 18:16:29 Job submitted from host: <10.0.0.98:9619?sock=8470_fde9_3>
...
000 (57293.002.000) 05/01 18:16:29 Job submitted from host: <10.0.0.98:9619?sock=8470_fde9_3>
...
000 (57293.003.000) 05/01 18:16:29 Job submitted from host: <10.0.0.98:9619?sock=8470_fde9_3>
...
000 (57293.004.000) 05/01 18:16:29 Job submitted from host: <10.0.0.98:9619?sock=8470_fde9_3>
...
000 (57293.005.000) 05/01 18:16:29 Job submitted from host: <10.0.0.98:9619?sock=8470_fde9_3>
...
000 (57293.006.000) 05/01 18:16:29 Job submitted from host: <10.0.0.98:9619?sock=8470_fde9_3>
...
000 (57293.007.000) 05/01 18:16:29 Job submitted from host: <10.0.0.98:9619?sock=8470_fde9_3>
...
000 (57293.008.000) 05/01 18:16:29 Job submitted from host: <10.0.0.98:9619?sock=8470_fde9_3>
...
000 (57293.009.000) 05/01 18:16:29 Job submitted from host: <10.0.0.98:9619?sock=8470_fde9_3>
...
000 (57293.010.000) 05/01 18:16:29 Job submitted from host: <10.0.0.98:9619?sock=8470_fde9_3>
...
000 (57293.011.000) 05/01 18:16:29 Job submitted from host: <10.0.0.98:9619?sock=8470_fde9_3>
...
000 (57293.012.000) 05/01 18:16:29 Job submitted from host: <10.0.0.98:9619?sock=8470_fde9_3>
...
001 (57293.000.000) 05/01 19:06:53 Job executing on host: <10.0.1.31:9619?sock=8995_acfe_3>
...
006 (57293.000.000) 05/01 19:07:02 Image size of job updated: 1660352
	1622  -  MemoryUsage of job (MB)
	1660340  -  ResidentSetSize of job (KB)
...
006 (57293.000.000) 05/01 19:12:03 Image size of job updated: 10309084
	10068  -  MemoryUsage of job (MB)
	10309072  -  ResidentSetSize of job (KB)
...
006 (57293.000.000) 05/01 19:17:03 Image size of job updated: 14538676
	14198  -  MemoryUsage of job (MB)
	14538664  -  ResidentSetSize of job (KB)
...
006 (57293.000.000) 05/01 19:22:03 Image size of job updated: 18138464
	17714  -  MemoryUsage of job (MB)
	18138452  -  ResidentSetSize of job (KB)
...
006 (57293.000.000) 05/01 19:27:03 Image size of job updated: 20703096
	20218  -  MemoryUsage of job (MB)
	20703084  -  ResidentSetSize of job (KB)
...
006 (57293.000.000) 05/01 19:32:03 Image size of job updated: 23923388
	23363  -  MemoryUsage of job (MB)
	23923376  -  ResidentSetSize of job (KB)
...
006 (57293.000.000) 05/01 19:37:04 Image size of job updated: 25290396
	24698  -  MemoryUsage of job (MB)
	25290384  -  ResidentSetSize of job (KB)
...
006 (57293.000.000) 05/01 19:42:05 Image size of job updated: 34920504
	34103  -  MemoryUsage of job (MB)
	34920492  -  ResidentSetSize of job (KB)
...
006 (57293.000.000) 05/01 22:12:19 Image size of job updated: 38452180
	37551  -  MemoryUsage of job (MB)
	38452004  -  ResidentSetSize of job (KB)
...
006 (57293.000.000) 05/01 22:17:19 Image size of job updated: 38568632
	37665  -  MemoryUsage of job (MB)
	38568456  -  ResidentSetSize of job (KB)
...
006 (57293.000.000) 05/01 22:22:20 Image size of job updated: 39777080
	38845  -  MemoryUsage of job (MB)
	39776904  -  ResidentSetSize of job (KB)
...
006 (57293.000.000) 05/01 22:27:20 Image size of job updated: 42638600
	41640  -  MemoryUsage of job (MB)
	42638424  -  ResidentSetSize of job (KB)
...
006 (57293.000.000) 05/01 22:32:21 Image size of job updated: 48544096
	47407  -  MemoryUsage of job (MB)
	48543920  -  ResidentSetSize of job (KB)
...
006 (57293.000.000) 05/01 23:12:24 Image size of job updated: 52072812
	50853  -  MemoryUsage of job (MB)
	52072636  -  ResidentSetSize of job (KB)
...
006 (57293.000.000) 05/01 23:17:24 Image size of job updated: 55668748
	54364  -  MemoryUsage of job (MB)
	55668572  -  ResidentSetSize of job (KB)
...
006 (57293.000.000) 05/01 23:27:26 Image size of job updated: 58540800
	57169  -  MemoryUsage of job (MB)
	58540624  -  ResidentSetSize of job (KB)
...
005 (57293.000.000) 05/01 23:58:21 Job terminated.
	(1) Normal termination (return value 0)
		Usr 0 04:44:57, Sys 0 00:01:41  -  Run Remote Usage
		Usr 0 00:00:00, Sys 0 00:00:00  -  Run Local Usage
		Usr 0 04:44:57, Sys 0 00:01:41  -  Total Remote Usage
		Usr 0 00:00:00, Sys 0 00:00:00  -  Total Local Usage
	0  -  Run Bytes Sent By Job
	0  -  Run Bytes Received By Job
	0  -  Total Bytes Sent By Job
	0  -  Total Bytes Received By Job
	Partitionable Resources :    Usage   Request Allocated
	   Cpus                 :                  1         1
	   Disk (KB)            :       15 104857600 106040675
	   Memory (MB)          :    57169    102400    102400
...
001 (57293.001.000) 05/01 23:58:28 Job executing on host: <10.0.1.31:9619?sock=8995_acfe_3>
...
006 (57293.001.000) 05/01 23:58:36 Image size of job updated: 777324
	760  -  MemoryUsage of job (MB)
	777324  -  ResidentSetSize of job (KB)
...
006 (57293.001.000) 05/02 00:03:36 Image size of job updated: 4614252
	4507  -  MemoryUsage of job (MB)
	4614252  -  ResidentSetSize of job (KB)
...
006 (57293.001.000) 05/02 00:08:36 Image size of job updated: 7996216
	7809  -  MemoryUsage of job (MB)
	7996216  -  ResidentSetSize of job (KB)
...
006 (57293.001.000) 05/02 00:18:36 Image size of job updated: 9537860
	9315  -  MemoryUsage of job (MB)
	9537860  -  ResidentSetSize of job (KB)
...
006 (57293.001.000) 05/02 00:23:36 Image size of job updated: 10101136
	9865  -  MemoryUsage of job (MB)
	10101136  -  ResidentSetSize of job (KB)
...
006 (57293.001.000) 05/02 00:28:37 Image size of job updated: 12606284
	12311  -  MemoryUsage of job (MB)
	12606284  -  ResidentSetSize of job (KB)
...
006 (57293.001.000) 05/02 00:38:39 Image size of job updated: 22408864
	21884  -  MemoryUsage of job (MB)
	22408864  -  ResidentSetSize of job (KB)
...
006 (57293.001.000) 05/02 00:43:39 Image size of job updated: 27086104
	26452  -  MemoryUsage of job (MB)
	27086104  -  ResidentSetSize of job (KB)
...
005 (57293.001.000) 05/02 00:44:47 Job terminated.
	(1) Normal termination (return value 0)
		Usr 0 00:44:45, Sys 0 00:00:35  -  Run Remote Usage
		Usr 0 00:00:00, Sys 0 00:00:00  -  Run Local Usage
		Usr 0 00:44:45, Sys 0 00:00:35  -  Total Remote Usage
		Usr 0 00:00:00, Sys 0 00:00:00  -  Total Local Usage
	0  -  Run Bytes Sent By Job
	0  -  Run Bytes Received By Job
	0  -  Total Bytes Sent By Job
	0  -  Total Bytes Received By Job
	Partitionable Resources :    Usage   Request Allocated
	   Cpus                 :                  1         1
	   Disk (KB)            :       15 104857600 106040675
	   Memory (MB)          :    26452    102400    102400
...
001 (57293.002.000) 05/02 00:44:53 Job executing on host: <10.0.1.31:9619?sock=8995_acfe_3>
...
006 (57293.002.000) 05/02 00:45:02 Image size of job updated: 1658548
	1620  -  MemoryUsage of job (MB)
	1658548  -  ResidentSetSize of job (KB)
...
006 (57293.002.000) 05/02 00:50:03 Image size of job updated: 8912844
	8704  -  MemoryUsage of job (MB)
	8912844  -  ResidentSetSize of job (KB)
...
006 (57293.002.000) 05/02 00:55:04 Image size of job updated: 14459772
	14121  -  MemoryUsage of job (MB)
	14459772  -  ResidentSetSize of job (KB)
...
006 (57293.002.000) 05/02 01:00:05 Image size of job updated: 17997096
	17576  -  MemoryUsage of job (MB)
	17997096  -  ResidentSetSize of job (KB)
...
006 (57293.002.000) 05/02 01:05:06 Image size of job updated: 20337692
	19862  -  MemoryUsage of job (MB)
	20337692  -  ResidentSetSize of job (KB)
...
006 (57293.002.000) 05/02 01:10:07 Image size of job updated: 23689548
	23135  -  MemoryUsage of job (MB)
	23689548  -  ResidentSetSize of job (KB)
...
006 (57293.002.000) 05/02 01:15:08 Image size of job updated: 25264636
	24673  -  MemoryUsage of job (MB)
	25264636  -  ResidentSetSize of job (KB)
...
006 (57293.002.000) 05/02 01:20:09 Image size of job updated: 34508724
	33700  -  MemoryUsage of job (MB)
	34508724  -  ResidentSetSize of job (KB)
...
006 (57293.002.000) 05/02 01:25:10 Image size of job updated: 36672396
	35813  -  MemoryUsage of job (MB)
	36672396  -  ResidentSetSize of job (KB)
...
006 (57293.002.000) 05/02 01:40:13 Image size of job updated: 36694716
	35835  -  MemoryUsage of job (MB)
	36694716  -  ResidentSetSize of job (KB)
...
001 (57293.003.000) 05/02 03:31:12 Job executing on host: <10.0.0.190:9619?sock=8441_93b0_3>
...
006 (57293.003.000) 05/02 03:31:21 Image size of job updated: 1660524
	1622  -  MemoryUsage of job (MB)
	1660524  -  ResidentSetSize of job (KB)
...
006 (57293.003.000) 05/02 03:36:22 Image size of job updated: 10287160
	10047  -  MemoryUsage of job (MB)
	10287160  -  ResidentSetSize of job (KB)
...
006 (57293.003.000) 05/02 03:41:23 Image size of job updated: 14602172
	14260  -  MemoryUsage of job (MB)
	14602172  -  ResidentSetSize of job (KB)
...
006 (57293.002.000) 05/02 03:45:23 Image size of job updated: 36742968
	35882  -  MemoryUsage of job (MB)
	36742968  -  ResidentSetSize of job (KB)
...
006 (57293.003.000) 05/02 03:46:24 Image size of job updated: 18376376
	17946  -  MemoryUsage of job (MB)
	18376376  -  ResidentSetSize of job (KB)
...
006 (57293.002.000) 05/02 03:50:23 Image size of job updated: 36827840
	35965  -  MemoryUsage of job (MB)
	36827840  -  ResidentSetSize of job (KB)
...
006 (57293.003.000) 05/02 03:51:25 Image size of job updated: 19490032
	19034  -  MemoryUsage of job (MB)
	19489868  -  ResidentSetSize of job (KB)
...
006 (57293.002.000) 05/02 03:55:23 Image size of job updated: 36965964
	36100  -  MemoryUsage of job (MB)
	36965964  -  ResidentSetSize of job (KB)
...
006 (57293.002.000) 05/02 04:00:23 Image size of job updated: 37100052
	36231  -  MemoryUsage of job (MB)
	37100052  -  ResidentSetSize of job (KB)
...
006 (57293.002.000) 05/02 04:05:23 Image size of job updated: 37204476
	36333  -  MemoryUsage of job (MB)
	37204476  -  ResidentSetSize of job (KB)
...
006 (57293.002.000) 05/02 04:10:23 Image size of job updated: 39937660
	39002  -  MemoryUsage of job (MB)
	39937660  -  ResidentSetSize of job (KB)
...
006 (57293.002.000) 05/02 04:15:23 Image size of job updated: 41929456
	40947  -  MemoryUsage of job (MB)
	41929456  -  ResidentSetSize of job (KB)
...
006 (57293.003.000) 05/02 04:16:26 Image size of job updated: 19947852
	19481  -  MemoryUsage of job (MB)
	19947688  -  ResidentSetSize of job (KB)
...
006 (57293.002.000) 05/02 04:20:24 Image size of job updated: 46618900
	45527  -  MemoryUsage of job (MB)
	46618900  -  ResidentSetSize of job (KB)
...
006 (57293.003.000) 05/02 04:21:26 Image size of job updated: 20032560
	19563  -  MemoryUsage of job (MB)
	20032396  -  ResidentSetSize of job (KB)
...
006 (57293.003.000) 05/02 04:26:26 Image size of job updated: 20177024
	19704  -  MemoryUsage of job (MB)
	20176860  -  ResidentSetSize of job (KB)
...
006 (57293.003.000) 05/02 04:31:27 Image size of job updated: 20319556
	19844  -  MemoryUsage of job (MB)
	20319392  -  ResidentSetSize of job (KB)
...
006 (57293.003.000) 05/02 04:36:28 Image size of job updated: 20445080
	19966  -  MemoryUsage of job (MB)
	20444916  -  ResidentSetSize of job (KB)
...
006 (57293.003.000) 05/02 04:41:29 Image size of job updated: 20600824
	20118  -  MemoryUsage of job (MB)
	20600660  -  ResidentSetSize of job (KB)
...
006 (57293.003.000) 05/02 04:46:30 Image size of job updated: 20662972
	20179  -  MemoryUsage of job (MB)
	20662808  -  ResidentSetSize of job (KB)
...
006 (57293.003.000) 05/02 04:51:31 Image size of job updated: 20710852
	20226  -  MemoryUsage of job (MB)
	20710688  -  ResidentSetSize of job (KB)
...
006 (57293.003.000) 05/02 04:56:32 Image size of job updated: 20848820
	20361  -  MemoryUsage of job (MB)
	20848656  -  ResidentSetSize of job (KB)
...
006 (57293.003.000) 05/02 05:01:33 Image size of job updated: 20966152
	20475  -  MemoryUsage of job (MB)
	20965988  -  ResidentSetSize of job (KB)
...
006 (57293.003.000) 05/02 05:06:34 Image size of job updated: 21089376
	20595  -  MemoryUsage of job (MB)
	21089212  -  ResidentSetSize of job (KB)
...
006 (57293.002.000) 05/02 05:10:28 Image size of job updated: 50219472
	49043  -  MemoryUsage of job (MB)
	50219472  -  ResidentSetSize of job (KB)
...
006 (57293.003.000) 05/02 05:11:34 Image size of job updated: 21193460
	20697  -  MemoryUsage of job (MB)
	21193296  -  ResidentSetSize of job (KB)
...
006 (57293.002.000) 05/02 05:15:29 Image size of job updated: 52328804
	51103  -  MemoryUsage of job (MB)
	52328804  -  ResidentSetSize of job (KB)
...
006 (57293.003.000) 05/02 05:16:34 Image size of job updated: 21302216
	20803  -  MemoryUsage of job (MB)
	21302052  -  ResidentSetSize of job (KB)
...
006 (57293.002.000) 05/02 05:20:30 Image size of job updated: 53403528
	52152  -  MemoryUsage of job (MB)
	53403528  -  ResidentSetSize of job (KB)
...
006 (57293.003.000) 05/02 05:21:34 Image size of job updated: 24996304
	24411  -  MemoryUsage of job (MB)
	24996140  -  ResidentSetSize of job (KB)
...
006 (57293.002.000) 05/02 05:25:31 Image size of job updated: 54566736
	53288  -  MemoryUsage of job (MB)
	54566736  -  ResidentSetSize of job (KB)
...
006 (57293.003.000) 05/02 05:26:34 Image size of job updated: 25144880
	24556  -  MemoryUsage of job (MB)
	25144716  -  ResidentSetSize of job (KB)
...
006 (57293.002.000) 05/02 05:30:32 Image size of job updated: 55078156
	53788  -  MemoryUsage of job (MB)
	55078156  -  ResidentSetSize of job (KB)
...
006 (57293.003.000) 05/02 05:31:34 Image size of job updated: 25289308
	24697  -  MemoryUsage of job (MB)
	25289144  -  ResidentSetSize of job (KB)
...
006 (57293.002.000) 05/02 05:35:33 Image size of job updated: 56055452
	54742  -  MemoryUsage of job (MB)
	56055452  -  ResidentSetSize of job (KB)
...
006 (57293.003.000) 05/02 05:36:35 Image size of job updated: 25382768
	24788  -  MemoryUsage of job (MB)
	25382604  -  ResidentSetSize of job (KB)
...
006 (57293.003.000) 05/02 05:46:37 Image size of job updated: 25431704
	24836  -  MemoryUsage of job (MB)
	25431540  -  ResidentSetSize of job (KB)
...
006 (57293.003.000) 05/02 05:51:38 Image size of job updated: 25556164
	24958  -  MemoryUsage of job (MB)
	25556000  -  ResidentSetSize of job (KB)
...
006 (57293.003.000) 05/02 05:56:39 Image size of job updated: 25695876
	25094  -  MemoryUsage of job (MB)
	25695712  -  ResidentSetSize of job (KB)
...
005 (57293.002.000) 05/02 05:58:50 Job terminated.
	(1) Normal termination (return value 0)
		Usr 0 05:04:37, Sys 0 00:03:33  -  Run Remote Usage
		Usr 0 00:00:00, Sys 0 00:00:00  -  Run Local Usage
		Usr 0 05:04:37, Sys 0 00:03:33  -  Total Remote Usage
		Usr 0 00:00:00, Sys 0 00:00:00  -  Total Local Usage
	0  -  Run Bytes Sent By Job
	0  -  Run Bytes Received By Job
	0  -  Total Bytes Sent By Job
	0  -  Total Bytes Received By Job
	Partitionable Resources :    Usage   Request Allocated
	   Cpus                 :                  1         1
	   Disk (KB)            :       15 104857600 106040675
	   Memory (MB)          :    54742    102400    102400
...
001 (57293.004.000) 05/02 05:58:57 Job executing on host: <10.0.1.31:9619?sock=8995_acfe_3>
...
006 (57293.004.000) 05/02 05:59:05 Image size of job updated: 1473008
	1439  -  MemoryUsage of job (MB)
	1473008  -  ResidentSetSize of job (KB)
...
006 (57293.003.000) 05/02 06:01:40 Image size of job updated: 25829884
	25225  -  MemoryUsage of job (MB)
	25829720  -  ResidentSetSize of job (KB)
...
006 (57293.004.000) 05/02 06:04:05 Image size of job updated: 10307380
	10066  -  MemoryUsage of job (MB)
	10307380  -  ResidentSetSize of job (KB)
...
006 (57293.003.000) 05/02 06:06:41 Image size of job updated: 29669988
	28975  -  MemoryUsage of job (MB)
	29669824  -  ResidentSetSize of job (KB)
...
006 (57293.004.000) 05/02 06:09:05 Image size of job updated: 14461132
	14123  -  MemoryUsage of job (MB)
	14461132  -  ResidentSetSize of job (KB)
...
006 (57293.003.000) 05/02 06:11:42 Image size of job updated: 30786860
	30066  -  MemoryUsage of job (MB)
	30786696  -  ResidentSetSize of job (KB)
...
006 (57293.004.000) 05/02 06:14:05 Image size of job updated: 17710232
	17296  -  MemoryUsage of job (MB)
	17710232  -  ResidentSetSize of job (KB)
...
006 (57293.003.000) 05/02 06:16:43 Image size of job updated: 32618252
	31854  -  MemoryUsage of job (MB)
	32618088  -  ResidentSetSize of job (KB)
...
006 (57293.004.000) 05/02 06:19:06 Image size of job updated: 20120080
	19649  -  MemoryUsage of job (MB)
	20120080  -  ResidentSetSize of job (KB)
...
006 (57293.003.000) 05/02 06:21:44 Image size of job updated: 34842232
	34026  -  MemoryUsage of job (MB)
	34842068  -  ResidentSetSize of job (KB)
...
006 (57293.004.000) 05/02 06:24:06 Image size of job updated: 23567864
	23016  -  MemoryUsage of job (MB)
	23567864  -  ResidentSetSize of job (KB)
...
006 (57293.004.000) 05/02 06:34:08 Image size of job updated: 31254508
	30522  -  MemoryUsage of job (MB)
	31254508  -  ResidentSetSize of job (KB)
...
006 (57293.004.000) 05/02 06:39:09 Image size of job updated: 35155744
	34332  -  MemoryUsage of job (MB)
	35155744  -  ResidentSetSize of job (KB)
...
006 (57293.004.000) 05/02 06:44:10 Image size of job updated: 35614804
	34781  -  MemoryUsage of job (MB)
	35614804  -  ResidentSetSize of job (KB)
...
006 (57293.004.000) 05/02 06:49:11 Image size of job updated: 37212092
	36340  -  MemoryUsage of job (MB)
	37212092  -  ResidentSetSize of job (KB)
...
006 (57293.003.000) 05/02 06:51:46 Image size of job updated: 38765940
	37858  -  MemoryUsage of job (MB)
	38765776  -  ResidentSetSize of job (KB)
...
006 (57293.004.000) 05/02 06:59:12 Image size of job updated: 41324768
	40357  -  MemoryUsage of job (MB)
	41324768  -  ResidentSetSize of job (KB)
...
006 (57293.004.000) 05/02 07:04:13 Image size of job updated: 43702468
	42679  -  MemoryUsage of job (MB)
	43702468  -  ResidentSetSize of job (KB)
...
006 (57293.004.000) 05/02 07:09:14 Image size of job updated: 45286428
	44226  -  MemoryUsage of job (MB)
	45286428  -  ResidentSetSize of job (KB)
...
006 (57293.004.000) 05/02 07:24:16 Image size of job updated: 50800524
	49610  -  MemoryUsage of job (MB)
	50800524  -  ResidentSetSize of job (KB)
...
006 (57293.004.000) 05/02 07:29:17 Image size of job updated: 51485360
	50279  -  MemoryUsage of job (MB)
	51485360  -  ResidentSetSize of job (KB)
...
005 (57293.003.000) 05/02 07:33:28 Job terminated.
	(1) Normal termination (return value 0)
		Usr 0 03:58:04, Sys 0 00:01:00  -  Run Remote Usage
		Usr 0 00:00:00, Sys 0 00:00:00  -  Run Local Usage
		Usr 0 03:58:04, Sys 0 00:01:00  -  Total Remote Usage
		Usr 0 00:00:00, Sys 0 00:00:00  -  Total Local Usage
	0  -  Run Bytes Sent By Job
	0  -  Run Bytes Received By Job
	0  -  Total Bytes Sent By Job
	0  -  Total Bytes Received By Job
	Partitionable Resources :    Usage   Request Allocated
	   Cpus                 :                  1         1
	   Disk (KB)            :       15 104857600 109484052
	   Memory (MB)          :    37858    102400    102400
...
001 (57293.005.000) 05/02 07:33:51 Job executing on host: <10.0.0.190:9619?sock=8441_93b0_3>
...
006 (57293.005.000) 05/02 07:33:59 Image size of job updated: 1472912
	1439  -  MemoryUsage of job (MB)
	1472912  -  ResidentSetSize of job (KB)
...
006 (57293.005.000) 05/02 07:38:59 Image size of job updated: 10176004
	9938  -  MemoryUsage of job (MB)
	10176004  -  ResidentSetSize of job (KB)
...
006 (57293.004.000) 05/02 07:39:19 Image size of job updated: 52078760
	50859  -  MemoryUsage of job (MB)
	52078760  -  ResidentSetSize of job (KB)
...
006 (57293.005.000) 05/02 07:43:59 Image size of job updated: 14792508
	14446  -  MemoryUsage of job (MB)
	14792508  -  ResidentSetSize of job (KB)
...
006 (57293.004.000) 05/02 07:44:19 Image size of job updated: 53559236
	52304  -  MemoryUsage of job (MB)
	53559236  -  ResidentSetSize of job (KB)
...
006 (57293.005.000) 05/02 07:48:59 Image size of job updated: 18734532
	18296  -  MemoryUsage of job (MB)
	18734532  -  ResidentSetSize of job (KB)
...
006 (57293.005.000) 05/02 07:53:59 Image size of job updated: 22056840
	21540  -  MemoryUsage of job (MB)
	22056840  -  ResidentSetSize of job (KB)
...
006 (57293.004.000) 05/02 07:54:19 Image size of job updated: 54019152
	52754  -  MemoryUsage of job (MB)
	54019152  -  ResidentSetSize of job (KB)
...
006 (57293.005.000) 05/02 07:59:00 Image size of job updated: 24261000
	23693  -  MemoryUsage of job (MB)
	24261000  -  ResidentSetSize of job (KB)
...
006 (57293.005.000) 05/02 08:04:01 Image size of job updated: 25606152
	25007  -  MemoryUsage of job (MB)
	25606152  -  ResidentSetSize of job (KB)
...
006 (57293.004.000) 05/02 08:04:20 Image size of job updated: 54157764
	52889  -  MemoryUsage of job (MB)
	54157764  -  ResidentSetSize of job (KB)
...
006 (57293.005.000) 05/02 08:09:02 Image size of job updated: 34970128
	34151  -  MemoryUsage of job (MB)
	34970128  -  ResidentSetSize of job (KB)
...
006 (57293.004.000) 05/02 08:09:21 Image size of job updated: 55206220
	53913  -  MemoryUsage of job (MB)
	55206220  -  ResidentSetSize of job (KB)
...
006 (57293.005.000) 05/02 08:14:02 Image size of job updated: 36051416
	35207  -  MemoryUsage of job (MB)
	36051416  -  ResidentSetSize of job (KB)
...
006 (57293.004.000) 05/02 08:14:22 Image size of job updated: 55319744
	54024  -  MemoryUsage of job (MB)
	55319744  -  ResidentSetSize of job (KB)
...
006 (57293.005.000) 05/02 08:19:02 Image size of job updated: 37856124
	36969  -  MemoryUsage of job (MB)
	37856124  -  ResidentSetSize of job (KB)
...
006 (57293.004.000) 05/02 08:19:23 Image size of job updated: 55933056
	54623  -  MemoryUsage of job (MB)
	55933056  -  ResidentSetSize of job (KB)
...
006 (57293.005.000) 05/02 08:29:02 Image size of job updated: 44479608
	43438  -  MemoryUsage of job (MB)
	44479608  -  ResidentSetSize of job (KB)
...
006 (57293.004.000) 05/02 08:29:23 Image size of job updated: 64350336
	62843  -  MemoryUsage of job (MB)
	64350336  -  ResidentSetSize of job (KB)
...
006 (57293.004.000) 05/02 08:34:23 Image size of job updated: 64758284
	63241  -  MemoryUsage of job (MB)
	64758284  -  ResidentSetSize of job (KB)
...
006 (57293.005.000) 05/02 08:49:05 Image size of job updated: 49296140
	48141  -  MemoryUsage of job (MB)
	49296140  -  ResidentSetSize of job (KB)
...
006 (57293.004.000) 05/02 08:49:23 Image size of job updated: 70113116
	68470  -  MemoryUsage of job (MB)
	70113116  -  ResidentSetSize of job (KB)
...
006 (57293.005.000) 05/02 08:54:06 Image size of job updated: 50972564
	49778  -  MemoryUsage of job (MB)
	50972564  -  ResidentSetSize of job (KB)
...
006 (57293.005.000) 05/02 08:59:07 Image size of job updated: 53393240
	52142  -  MemoryUsage of job (MB)
	53393240  -  ResidentSetSize of job (KB)
...
004 (57293.005.000) 05/02 09:16:26 Job was evicted.
	(0) Job was not checkpointed.
		Usr 0 01:34:36, Sys 0 00:06:54  -  Run Remote Usage
		Usr 0 00:00:00, Sys 0 00:00:00  -  Run Local Usage
	0  -  Run Bytes Sent By Job
	0  -  Run Bytes Received By Job
	Partitionable Resources :    Usage   Request Allocated
	   Cpus                 :                  1         1
	   Disk (KB)            :       15 104857600 109484052
	   Memory (MB)          :    52142    102400    102400
...
001 (57293.005.000) 05/02 10:51:29 Job executing on host: <10.0.0.190:9619?sock=8441_93b0_3>
...
004 (57293.005.000) 05/02 11:21:36 Job was evicted.
	(0) Job was not checkpointed.
		Usr 0 00:29:20, Sys 0 00:00:34  -  Run Remote Usage
		Usr 0 00:00:00, Sys 0 00:00:00  -  Run Local Usage
	0  -  Run Bytes Sent By Job
	0  -  Run Bytes Received By Job
	Partitionable Resources :    Usage   Request Allocated
	   Cpus                 :                  1         1
	   Disk (KB)            :       15 104857600 109484052
	   Memory (MB)          :    73243    102400    102400
...
004 (57293.004.000) 05/02 11:32:08 Job was evicted.
	(0) Job was not checkpointed.
		Usr 0 05:16:21, Sys 0 00:11:24  -  Run Remote Usage
		Usr 0 00:00:00, Sys 0 00:00:00  -  Run Local Usage
	0  -  Run Bytes Sent By Job
	0  -  Run Bytes Received By Job
	Partitionable Resources :    Usage   Request Allocated
	   Cpus                 :                  1         1
	   Disk (KB)            :       15 104857600 106040675
	   Memory (MB)          :    68470    102400    102400
...
001 (57293.004.000) 05/02 20:50:33 Job executing on host: <10.0.1.105:9619?sock=8675_5f88_3>
...
006 (57293.004.000) 05/03 02:21:16 Image size of job updated: 77973400
	76146  -  MemoryUsage of job (MB)
	77973236  -  ResidentSetSize of job (KB)
...
006 (57293.004.000) 05/03 02:26:16 Image size of job updated: 83151096
	81203  -  MemoryUsage of job (MB)
	83150932  -  ResidentSetSize of job (KB)
...
006 (57293.004.000) 05/03 02:31:17 Image size of job updated: 86579656
	84551  -  MemoryUsage of job (MB)
	86579492  -  ResidentSetSize of job (KB)
...
006 (57293.004.000) 05/03 02:41:19 Image size of job updated: 89012008
	86926  -  MemoryUsage of job (MB)
	89011844  -  ResidentSetSize of job (KB)
...
006 (57293.004.000) 05/03 02:51:20 Image size of job updated: 93345948
	91158  -  MemoryUsage of job (MB)
	93345784  -  ResidentSetSize of job (KB)
...
005 (57293.004.000) 05/03 03:01:47 Job terminated.
	(1) Normal termination (return value 0)
		Usr 0 06:05:37, Sys 0 00:03:24  -  Run Remote Usage
		Usr 0 00:00:00, Sys 0 00:00:00  -  Run Local Usage
		Usr 0 06:05:37, Sys 0 00:03:24  -  Total Remote Usage
		Usr 0 00:00:00, Sys 0 00:00:00  -  Total Local Usage
	0  -  Run Bytes Sent By Job
	0  -  Run Bytes Received By Job
	0  -  Total Bytes Sent By Job
	0  -  Total Bytes Received By Job
	Partitionable Resources :    Usage   Request Allocated
	   Cpus                 :                  1         1
	   Disk (KB)            :       15 104857600 109409616
	   Memory (MB)          :    91158    102400    102400
...
001 (57293.005.000) 05/03 03:02:06 Job executing on host: <10.0.1.105:9619?sock=8675_5f88_3>
...
006 (57293.005.000) 05/03 05:27:27 Image size of job updated: 77147920
	75340  -  MemoryUsage of job (MB)
	77147920  -  ResidentSetSize of job (KB)
...
006 (57293.005.000) 05/03 05:42:30 Image size of job updated: 77882772
	76058  -  MemoryUsage of job (MB)
	77882772  -  ResidentSetSize of job (KB)
...
006 (57293.005.000) 05/03 05:57:30 Image size of job updated: 78552172
	76712  -  MemoryUsage of job (MB)
	78552172  -  ResidentSetSize of job (KB)
...
006 (57293.005.000) 05/03 06:12:33 Image size of job updated: 89703400
	87601  -  MemoryUsage of job (MB)
	89703400  -  ResidentSetSize of job (KB)
...
006 (57293.005.000) 05/03 06:27:33 Image size of job updated: 91999936
	89844  -  MemoryUsage of job (MB)
	91999936  -  ResidentSetSize of job (KB)
...
006 (57293.005.000) 05/03 10:17:58 Image size of job updated: 104592528
	102142  -  MemoryUsage of job (MB)
	104592528  -  ResidentSetSize of job (KB)
...
005 (57293.005.000) 05/03 10:58:14 Job terminated.
	(1) Normal termination (return value 0)
		Usr 0 07:47:48, Sys 0 00:04:24  -  Run Remote Usage
		Usr 0 00:00:00, Sys 0 00:00:00  -  Run Local Usage
		Usr 0 07:47:48, Sys 0 00:04:24  -  Total Remote Usage
		Usr 0 00:00:00, Sys 0 00:00:00  -  Total Local Usage
	0  -  Run Bytes Sent By Job
	0  -  Run Bytes Received By Job
	0  -  Total Bytes Sent By Job
	0  -  Total Bytes Received By Job
	Partitionable Resources :    Usage   Request Allocated
	   Cpus                 :                  1         1
	   Disk (KB)            :       15 104857600 109409592
	   Memory (MB)          :   102142    102400    102400
...
001 (57293.006.000) 05/03 10:58:25 Job executing on host: <10.0.1.105:9619?sock=8675_5f88_3>
...
006 (57293.006.000) 05/03 10:58:34 Image size of job updated: 775524
	758  -  MemoryUsage of job (MB)
	775524  -  ResidentSetSize of job (KB)
...
006 (57293.006.000) 05/03 11:03:34 Image size of job updated: 4739264
	4629  -  MemoryUsage of job (MB)
	4739264  -  ResidentSetSize of job (KB)
...
006 (57293.006.000) 05/03 11:08:35 Image size of job updated: 5891712
	5754  -  MemoryUsage of job (MB)
	5891712  -  ResidentSetSize of job (KB)
...
006 (57293.006.000) 05/03 11:13:36 Image size of job updated: 7802416
	7620  -  MemoryUsage of job (MB)
	7802416  -  ResidentSetSize of job (KB)
...
006 (57293.006.000) 05/03 11:18:37 Image size of job updated: 9734644
	9507  -  MemoryUsage of job (MB)
	9734644  -  ResidentSetSize of job (KB)
...
006 (57293.006.000) 05/03 11:23:38 Image size of job updated: 12604528
	12310  -  MemoryUsage of job (MB)
	12604528  -  ResidentSetSize of job (KB)
...
006 (57293.006.000) 05/03 11:38:38 Image size of job updated: 24768184
	24188  -  MemoryUsage of job (MB)
	24768176  -  ResidentSetSize of job (KB)
...
006 (57293.006.000) 05/03 11:41:13 Image size of job updated: 24768628
	24188  -  MemoryUsage of job (MB)
	24768176  -  ResidentSetSize of job (KB)
...
005 (57293.006.000) 05/03 11:41:13 Job terminated.
	(1) Normal termination (return value 0)
		Usr 0 00:41:48, Sys 0 00:00:31  -  Run Remote Usage
		Usr 0 00:00:00, Sys 0 00:00:00  -  Run Local Usage
		Usr 0 00:41:48, Sys 0 00:00:31  -  Total Remote Usage
		Usr 0 00:00:00, Sys 0 00:00:00  -  Total Local Usage
	0  -  Run Bytes Sent By Job
	0  -  Run Bytes Received By Job
	0  -  Total Bytes Sent By Job
	0  -  Total Bytes Received By Job
	Partitionable Resources :    Usage   Request Allocated
	   Cpus                 :                  1         1
	   Disk (KB)            :       15 104857600 109409592
	   Memory (MB)          :    24188    102400    102400
...
001 (57293.007.000) 05/03 11:41:24 Job executing on host: <10.0.1.105:9619?sock=8675_5f88_3>
...
006 (57293.007.000) 05/03 11:41:32 Image size of job updated: 1658584
	1620  -  MemoryUsage of job (MB)
	1658584  -  ResidentSetSize of job (KB)
...
006 (57293.007.000) 05/03 11:46:32 Image size of job updated: 10673888
	10424  -  MemoryUsage of job (MB)
	10673888  -  ResidentSetSize of job (KB)
...
006 (57293.007.000) 05/03 11:51:32 Image size of job updated: 15325076
	14966  -  MemoryUsage of job (MB)
	15325076  -  ResidentSetSize of job (KB)
...
006 (57293.007.000) 05/03 11:56:33 Image size of job updated: 18745400
	18307  -  MemoryUsage of job (MB)
	18745400  -  ResidentSetSize of job (KB)
...
006 (57293.007.000) 05/03 12:01:33 Image size of job updated: 23352568
	22806  -  MemoryUsage of job (MB)
	23352568  -  ResidentSetSize of job (KB)
...
006 (57293.007.000) 05/03 12:06:34 Image size of job updated: 25110016
	24522  -  MemoryUsage of job (MB)
	25110016  -  ResidentSetSize of job (KB)
...
006 (57293.007.000) 05/03 12:11:35 Image size of job updated: 33962920
	33167  -  MemoryUsage of job (MB)
	33962920  -  ResidentSetSize of job (KB)
...
006 (57293.007.000) 05/03 12:16:36 Image size of job updated: 36672404
	35813  -  MemoryUsage of job (MB)
	36672404  -  ResidentSetSize of job (KB)
...
006 (57293.007.000) 05/03 12:31:36 Image size of job updated: 43259892
	42246  -  MemoryUsage of job (MB)
	43259892  -  ResidentSetSize of job (KB)
...
006 (57293.007.000) 05/03 12:36:36 Image size of job updated: 44187988
	43153  -  MemoryUsage of job (MB)
	44187988  -  ResidentSetSize of job (KB)
...
006 (57293.007.000) 05/03 12:46:38 Image size of job updated: 44677528
	43631  -  MemoryUsage of job (MB)
	44677528  -  ResidentSetSize of job (KB)
...
006 (57293.007.000) 05/03 12:51:39 Image size of job updated: 51078400
	49882  -  MemoryUsage of job (MB)
	51078400  -  ResidentSetSize of job (KB)
...
006 (57293.007.000) 05/03 12:56:39 Image size of job updated: 52476412
	51247  -  MemoryUsage of job (MB)
	52476412  -  ResidentSetSize of job (KB)
...
006 (57293.007.000) 05/03 13:11:40 Image size of job updated: 53341468
	52092  -  MemoryUsage of job (MB)
	53341468  -  ResidentSetSize of job (KB)
...
006 (57293.007.000) 05/03 13:21:42 Image size of job updated: 53884884
	52622  -  MemoryUsage of job (MB)
	53884884  -  ResidentSetSize of job (KB)
...
006 (57293.007.000) 05/03 13:26:43 Image size of job updated: 55206336
	53913  -  MemoryUsage of job (MB)
	55206336  -  ResidentSetSize of job (KB)
...
006 (57293.007.000) 05/03 13:31:43 Image size of job updated: 55319396
	54023  -  MemoryUsage of job (MB)
	55319396  -  ResidentSetSize of job (KB)
...
006 (57293.007.000) 05/03 13:36:43 Image size of job updated: 55962564
	54651  -  MemoryUsage of job (MB)
	55962564  -  ResidentSetSize of job (KB)
...
006 (57293.007.000) 05/03 13:46:44 Image size of job updated: 64464304
	62954  -  MemoryUsage of job (MB)
	64464304  -  ResidentSetSize of job (KB)
...
006 (57293.007.000) 05/03 13:56:46 Image size of job updated: 64645884
	63131  -  MemoryUsage of job (MB)
	64645884  -  ResidentSetSize of job (KB)
...
006 (57293.007.000) 05/03 14:01:46 Image size of job updated: 69511612
	67883  -  MemoryUsage of job (MB)
	69511612  -  ResidentSetSize of job (KB)
...
004 (57293.007.000) 05/03 14:12:59 Job was evicted.
	(0) Job was not checkpointed.
		Usr 0 02:28:18, Sys 0 00:02:34  -  Run Remote Usage
		Usr 0 00:00:00, Sys 0 00:00:00  -  Run Local Usage
	0  -  Run Bytes Sent By Job
	0  -  Run Bytes Received By Job
	Partitionable Resources :    Usage   Request Allocated
	   Cpus                 :                  1         1
	   Disk (KB)            :       15 104857600 109409592
	   Memory (MB)          :    67883    102400    102400
...
001 (57293.007.000) 05/03 14:23:48 Job executing on host: <10.0.1.105:9619?sock=8675_5f88_3>
...
004 (57293.007.000) 05/03 16:34:52 Job was evicted.
	(0) Job was not checkpointed.
		Usr 0 02:08:24, Sys 0 00:02:02  -  Run Remote Usage
		Usr 0 00:00:00, Sys 0 00:00:00  -  Run Local Usage
	0  -  Run Bytes Sent By Job
	0  -  Run Bytes Received By Job
	Partitionable Resources :    Usage   Request Allocated
	   Cpus                 :                  1         1
	   Disk (KB)            :       15 104857600 109409592
	   Memory (MB)          :    73243    102400    102400
...
001 (57293.007.000) 05/04 13:45:26 Job executing on host: <10.0.1.31:9619?sock=8995_acfe_3>
...
004 (57293.007.000) 05/04 19:10:50 Job was evicted.
	(0) Job was not checkpointed.
		Usr 0 05:11:48, Sys 0 00:11:48  -  Run Remote Usage
		Usr 0 00:00:00, Sys 0 00:00:00  -  Run Local Usage
	0  -  Run Bytes Sent By Job
	0  -  Run Bytes Received By Job
	Partitionable Resources :    Usage   Request Allocated
	   Cpus                 :                  1         1
	   Disk (KB)            :       15 104857600 106016495
	   Memory (MB)          :    73243    102400    102400
...
001 (57293.007.000) 05/04 19:15:31 Job executing on host: <10.0.1.31:9619?sock=8995_acfe_3>
...
004 (57293.007.000) 05/04 19:15:51 Job was evicted.
	(0) Job was not checkpointed.
		Usr 0 00:00:17, Sys 0 00:00:02  -  Run Remote Usage
		Usr 0 00:00:00, Sys 0 00:00:00  -  Run Local Usage
	0  -  Run Bytes Sent By Job
	0  -  Run Bytes Received By Job
	Partitionable Resources :    Usage   Request Allocated
	   Cpus                 :                  1         1
	   Disk (KB)            :       15 104857600 106016495
	   Memory (MB)          :    73243    102400    102400
...
001 (57293.007.000) 05/05 07:55:32 Job executing on host: <10.0.0.38:9619?sock=9050_4a4e_3>
...
001 (57293.008.000) 05/05 10:35:25 Job executing on host: <10.0.1.31:9619?sock=8995_acfe_3>
...
006 (57293.008.000) 05/05 10:35:34 Image size of job updated: 793304
	775  -  MemoryUsage of job (MB)
	793304  -  ResidentSetSize of job (KB)
...
006 (57293.008.000) 05/05 10:40:35 Image size of job updated: 4761620
	4651  -  MemoryUsage of job (MB)
	4761620  -  ResidentSetSize of job (KB)
...
006 (57293.008.000) 05/05 10:45:35 Image size of job updated: 5891712
	5754  -  MemoryUsage of job (MB)
	5891712  -  ResidentSetSize of job (KB)
...
006 (57293.008.000) 05/05 10:50:35 Image size of job updated: 7802416
	7620  -  MemoryUsage of job (MB)
	7802416  -  ResidentSetSize of job (KB)
...
006 (57293.008.000) 05/05 10:55:36 Image size of job updated: 9861472
	9630  -  MemoryUsage of job (MB)
	9860988  -  ResidentSetSize of job (KB)
...
006 (57293.008.000) 05/05 11:00:36 Image size of job updated: 12604536
	12302  -  MemoryUsage of job (MB)
	12596276  -  ResidentSetSize of job (KB)
...
006 (57293.008.000) 05/05 11:10:38 Image size of job updated: 13415096
	13092  -  MemoryUsage of job (MB)
	13405556  -  ResidentSetSize of job (KB)
...
006 (57293.008.000) 05/05 11:15:39 Image size of job updated: 24899096
	24304  -  MemoryUsage of job (MB)
	24887252  -  ResidentSetSize of job (KB)
...
006 (57293.008.000) 05/05 11:17:53 Image size of job updated: 24899576
	24304  -  MemoryUsage of job (MB)
	24887252  -  ResidentSetSize of job (KB)
...
005 (57293.008.000) 05/05 11:17:53 Job terminated.
	(1) Normal termination (return value 0)
		Usr 0 00:39:27, Sys 0 00:02:41  -  Run Remote Usage
		Usr 0 00:00:00, Sys 0 00:00:00  -  Run Local Usage
		Usr 0 00:39:27, Sys 0 00:02:41  -  Total Remote Usage
		Usr 0 00:00:00, Sys 0 00:00:00  -  Total Local Usage
	0  -  Run Bytes Sent By Job
	0  -  Run Bytes Received By Job
	0  -  Total Bytes Sent By Job
	0  -  Total Bytes Received By Job
	Partitionable Resources :    Usage   Request Allocated
	   Cpus                 :                  1         1
	   Disk (KB)            :       15 104857600 106010970
	   Memory (MB)          :    24304    102400    102400
...
001 (57293.009.000) 05/05 11:18:15 Job executing on host: <10.0.1.31:9619?sock=8995_acfe_3>
...
006 (57293.009.000) 05/05 11:18:24 Image size of job updated: 793300
	775  -  MemoryUsage of job (MB)
	793300  -  ResidentSetSize of job (KB)
...
006 (57293.009.000) 05/05 11:23:25 Image size of job updated: 4733912
	4623  -  MemoryUsage of job (MB)
	4733912  -  ResidentSetSize of job (KB)
...
006 (57293.009.000) 05/05 11:28:26 Image size of job updated: 5891724
	5754  -  MemoryUsage of job (MB)
	5891724  -  ResidentSetSize of job (KB)
...
006 (57293.009.000) 05/05 11:33:26 Image size of job updated: 7802428
	7620  -  MemoryUsage of job (MB)
	7802428  -  ResidentSetSize of job (KB)
...
006 (57293.009.000) 05/05 11:38:26 Image size of job updated: 9861980
	9631  -  MemoryUsage of job (MB)
	9861980  -  ResidentSetSize of job (KB)
...
006 (57293.009.000) 05/05 11:43:26 Image size of job updated: 12604524
	12310  -  MemoryUsage of job (MB)
	12604524  -  ResidentSetSize of job (KB)
...
006 (57293.009.000) 05/05 11:53:28 Image size of job updated: 22161224
	21642  -  MemoryUsage of job (MB)
	22161224  -  ResidentSetSize of job (KB)
...
006 (57293.009.000) 05/05 11:58:29 Image size of job updated: 27130816
	26495  -  MemoryUsage of job (MB)
	27130816  -  ResidentSetSize of job (KB)
...
005 (57293.009.000) 05/05 11:59:19 Job terminated.
	(1) Normal termination (return value 0)
		Usr 0 00:40:13, Sys 0 00:00:29  -  Run Remote Usage
		Usr 0 00:00:00, Sys 0 00:00:00  -  Run Local Usage
		Usr 0 00:40:13, Sys 0 00:00:29  -  Total Remote Usage
		Usr 0 00:00:00, Sys 0 00:00:00  -  Total Local Usage
	0  -  Run Bytes Sent By Job
	0  -  Run Bytes Received By Job
	0  -  Total Bytes Sent By Job
	0  -  Total Bytes Received By Job
	Partitionable Resources :    Usage   Request Allocated
	   Cpus                 :                  1         1
	   Disk (KB)            :       15 104857600 106010970
	   Memory (MB)          :    26495    102400    102400
...
001 (57293.010.000) 05/05 11:59:38 Job executing on host: <10.0.1.31:9619?sock=8995_acfe_3>
...
006 (57293.010.000) 05/05 11:59:46 Image size of job updated: 775552
	758  -  MemoryUsage of job (MB)
	775552  -  ResidentSetSize of job (KB)
...
006 (57293.010.000) 05/05 12:04:46 Image size of job updated: 4763308
	4652  -  MemoryUsage of job (MB)
	4763308  -  ResidentSetSize of job (KB)
...
006 (57293.010.000) 05/05 12:09:46 Image size of job updated: 5891704
	5754  -  MemoryUsage of job (MB)
	5891704  -  ResidentSetSize of job (KB)
...
006 (57293.010.000) 05/05 12:14:46 Image size of job updated: 7802408
	7620  -  MemoryUsage of job (MB)
	7802408  -  ResidentSetSize of job (KB)
...
006 (57293.010.000) 05/05 12:19:47 Image size of job updated: 9928828
	9697  -  MemoryUsage of job (MB)
	9928828  -  ResidentSetSize of job (KB)
...
006 (57293.010.000) 05/05 12:24:48 Image size of job updated: 12604500
	12310  -  MemoryUsage of job (MB)
	12604500  -  ResidentSetSize of job (KB)
...
006 (57293.010.000) 05/05 12:34:49 Image size of job updated: 20096380
	19626  -  MemoryUsage of job (MB)
	20096380  -  ResidentSetSize of job (KB)
...
006 (57293.010.000) 05/05 12:39:49 Image size of job updated: 27171528
	26535  -  MemoryUsage of job (MB)
	27171528  -  ResidentSetSize of job (KB)
...
005 (57293.010.000) 05/05 12:40:28 Job terminated.
	(1) Normal termination (return value 0)
		Usr 0 00:40:05, Sys 0 00:00:29  -  Run Remote Usage
		Usr 0 00:00:00, Sys 0 00:00:00  -  Run Local Usage
		Usr 0 00:40:05, Sys 0 00:00:29  -  Total Remote Usage
		Usr 0 00:00:00, Sys 0 00:00:00  -  Total Local Usage
	0  -  Run Bytes Sent By Job
	0  -  Run Bytes Received By Job
	0  -  Total Bytes Sent By Job
	0  -  Total Bytes Received By Job
	Partitionable Resources :    Usage   Request Allocated
	   Cpus                 :                  1         1
	   Disk (KB)            :       15 104857600 106010970
	   Memory (MB)          :    26535    102400    102400
...
001 (57293.011.000) 05/05 12:40:50 Job executing on host: <10.0.1.31:9619?sock=8995_acfe_3>
...
006 (57293.011.000) 05/05 12:40:58 Image size of job updated: 775856
	758  -  MemoryUsage of job (MB)
	775856  -  ResidentSetSize of job (KB)
...
006 (57293.011.000) 05/05 12:45:58 Image size of job updated: 4766868
	4656  -  MemoryUsage of job (MB)
	4766868  -  ResidentSetSize of job (KB)
...
006 (57293.011.000) 05/05 12:50:58 Image size of job updated: 5891832
	5754  -  MemoryUsage of job (MB)
	5891832  -  ResidentSetSize of job (KB)
...
006 (57293.011.000) 05/05 12:55:58 Image size of job updated: 8435636
	8238  -  MemoryUsage of job (MB)
	8435636  -  ResidentSetSize of job (KB)
...
006 (57293.011.000) 05/05 13:00:58 Image size of job updated: 9999220
	9765  -  MemoryUsage of job (MB)
	9999220  -  ResidentSetSize of job (KB)
...
006 (57293.011.000) 05/05 13:01:51 Image size of job updated: 10112688
	9765  -  MemoryUsage of job (MB)
	9999220  -  ResidentSetSize of job (KB)
...
004 (57293.011.000) 05/05 13:01:51 Job was evicted.
	(0) Job was not checkpointed.
		Usr 0 00:20:44, Sys 0 00:00:11  -  Run Remote Usage
		Usr 0 00:00:00, Sys 0 00:00:00  -  Run Local Usage
	0  -  Run Bytes Sent By Job
	0  -  Run Bytes Received By Job
	Partitionable Resources :    Usage   Request Allocated
	   Cpus                 :                  1         1
	   Disk (KB)            :       15 104857600 106010970
	   Memory (MB)          :     9765    102400    102400
...
001 (57293.011.000) 05/05 13:04:13 Job executing on host: <10.0.1.31:9619?sock=8995_acfe_3>
...
006 (57293.011.000) 05/05 13:29:24 Image size of job updated: 12604644
	12310  -  MemoryUsage of job (MB)
	12604644  -  ResidentSetSize of job (KB)
...
006 (57293.011.000) 05/05 13:39:24 Image size of job updated: 25977544
	25369  -  MemoryUsage of job (MB)
	25977544  -  ResidentSetSize of job (KB)
...
005 (57293.011.000) 05/05 13:44:10 Job terminated.
	(1) Normal termination (return value 0)
		Usr 0 00:39:16, Sys 0 00:00:30  -  Run Remote Usage
		Usr 0 00:00:00, Sys 0 00:00:00  -  Run Local Usage
		Usr 0 00:39:16, Sys 0 00:00:30  -  Total Remote Usage
		Usr 0 00:00:00, Sys 0 00:00:00  -  Total Local Usage
	0  -  Run Bytes Sent By Job
	0  -  Run Bytes Received By Job
	0  -  Total Bytes Sent By Job
	0  -  Total Bytes Received By Job
	Partitionable Resources :    Usage   Request Allocated
	   Cpus                 :                  1         1
	   Disk (KB)            :       15 104857600 106010905
	   Memory (MB)          :    25369    102400    102400
...
001 (57293.012.000) 05/05 13:44:26 Job executing on host: <10.0.1.31:9619?sock=8995_acfe_3>
...
006 (57293.012.000) 05/05 13:44:34 Image size of job updated: 786440
	769  -  MemoryUsage of job (MB)
	786440  -  ResidentSetSize of job (KB)
...
006 (57293.012.000) 05/05 13:49:34 Image size of job updated: 4760956
	4650  -  MemoryUsage of job (MB)
	4760956  -  ResidentSetSize of job (KB)
...
006 (57293.007.000) 05/05 13:51:22 Image size of job updated: 79408732
	77548  -  MemoryUsage of job (MB)
	79408524  -  ResidentSetSize of job (KB)
...
006 (57293.012.000) 05/05 13:54:35 Image size of job updated: 5893716
	5756  -  MemoryUsage of job (MB)
	5893716  -  ResidentSetSize of job (KB)
...
006 (57293.012.000) 05/05 13:59:36 Image size of job updated: 7804420
	7622  -  MemoryUsage of job (MB)
	7804420  -  ResidentSetSize of job (KB)
...
006 (57293.007.000) 05/05 14:01:22 Image size of job updated: 83151148
	81203  -  MemoryUsage of job (MB)
	83150940  -  ResidentSetSize of job (KB)
...
006 (57293.012.000) 05/05 14:04:37 Image size of job updated: 9811856
	9582  -  MemoryUsage of job (MB)
	9811856  -  ResidentSetSize of job (KB)
...
006 (57293.012.000) 05/05 14:09:37 Image size of job updated: 12606564
	12312  -  MemoryUsage of job (MB)
	12606564  -  ResidentSetSize of job (KB)
...
006 (57293.007.000) 05/05 14:11:23 Image size of job updated: 92278940
	90116  -  MemoryUsage of job (MB)
	92278716  -  ResidentSetSize of job (KB)
...
006 (57293.012.000) 05/05 14:19:38 Image size of job updated: 17703172
	17289  -  MemoryUsage of job (MB)
	17703172  -  ResidentSetSize of job (KB)
...
006 (57293.012.000) 05/05 14:24:39 Image size of job updated: 27214224
	26577  -  MemoryUsage of job (MB)
	27214224  -  ResidentSetSize of job (KB)
...
005 (57293.012.000) 05/05 14:26:04 Job terminated.
	(1) Normal termination (return value 0)
		Usr 0 00:40:56, Sys 0 00:00:29  -  Run Remote Usage
		Usr 0 00:00:00, Sys 0 00:00:00  -  Run Local Usage
		Usr 0 00:40:56, Sys 0 00:00:29  -  Total Remote Usage
		Usr 0 00:00:00, Sys 0 00:00:00  -  Total Local Usage
	0  -  Run Bytes Sent By Job
	0  -  Run Bytes Received By Job
	0  -  Total Bytes Sent By Job
	0  -  Total Bytes Received By Job
	Partitionable Resources :    Usage   Request Allocated
	   Cpus                 :                  1         1
	   Disk (KB)            :       15 104857600 106010905
	   Memory (MB)          :    26577    102400    102400
...
005 (57293.007.000) 05/05 14:45:31 Job terminated.
	(1) Normal termination (return value 0)
		Usr 0 06:41:19, Sys 0 00:08:07  -  Run Remote Usage
		Usr 0 00:00:00, Sys 0 00:00:00  -  Run Local Usage
		Usr 0 06:41:19, Sys 0 00:08:07  -  Total Remote Usage
		Usr 0 00:00:00, Sys 0 00:00:00  -  Total Local Usage
	0  -  Run Bytes Sent By Job
	0  -  Run Bytes Received By Job
	0  -  Total Bytes Sent By Job
	0  -  Total Bytes Received By Job
	Partitionable Resources :    Usage   Request Allocated
	   Cpus                 :                  1         1
	   Disk (KB)            :       15 104857600 105003177
	   Memory (MB)          :    90116    102400    102400
...
000 (21743.000.000) 05/21 18:40:52 Job submitted from host: <10.0.0.43:9619?sock=38829_b8e3_3>
...
000 (21743.001.000) 05/21 18:40:52 Job submitted from host: <10.0.0.43:9619?sock=38829_b8e3_3>
...
000 (21743.002.000) 05/21 18:40:52 Job submitted from host: <10.0.0.43:9619?sock=38829_b8e3_3>
...
000 (21743.003.000) 05/21 18:40:53 Job submitted from host: <10.0.0.43:9619?sock=38829_b8e3_3>
...
000 (21743.004.000) 05/21 18:40:53 Job submitted from host: <10.0.0.43:9619?sock=38829_b8e3_3>
...
000 (21743.005.000) 05/21 18:40:53 Job submitted from host: <10.0.0.43:9619?sock=38829_b8e3_3>
...
000 (21743.006.000) 05/21 18:40:53 Job submitted from host: <10.0.0.43:9619?sock=38829_b8e3_3>
...
000 (21743.007.000) 05/21 18:40:53 Job submitted from host: <10.0.0.43:9619?sock=38829_b8e3_3>
...
000 (21743.008.000) 05/21 18:40:53 Job submitted from host: <10.0.0.43:9619?sock=38829_b8e3_3>
...
000 (21743.009.000) 05/21 18:40:53 Job submitted from host: <10.0.0.43:9619?sock=38829_b8e3_3>
...
000 (21743.010.000) 05/21 18:40:53 Job submitted from host: <10.0.0.43:9619?sock=38829_b8e3_3>
...
000 (21743.011.000) 05/21 18:40:53 Job submitted from host: <10.0.0.43:9619?sock=38829_b8e3_3>
...
000 (21743.012.000) 05/21 18:40:53 Job submitted from host: <10.0.0.43:9619?sock=38829_b8e3_3>
...
001 (21743.000.000) 05/21 18:41:06 Job executing on host: <10.0.1.100:9619?sock=9719_4f72_3>
...
006 (21743.000.000) 05/21 18:41:15 Image size of job updated: 796568
	775  -  MemoryUsage of job (MB)
	793456  -  ResidentSetSize of job (KB)
...
006 (21743.000.000) 05/21 18:46:16 Image size of job updated: 5894852
	5754  -  MemoryUsage of job (MB)
	5891724  -  ResidentSetSize of job (KB)
...
006 (21743.000.000) 05/21 18:51:17 Image size of job updated: 10200768
	9959  -  MemoryUsage of job (MB)
	10197384  -  ResidentSetSize of job (KB)
...
006 (21743.000.000) 05/21 18:56:17 Image size of job updated: 13477476
	13159  -  MemoryUsage of job (MB)
	13474092  -  ResidentSetSize of job (KB)
...
006 (21743.000.000) 05/21 19:01:18 Image size of job updated: 24012048
	23445  -  MemoryUsage of job (MB)
	24007340  -  ResidentSetSize of job (KB)
...
006 (21743.000.000) 05/21 19:02:45 Image size of job updated: 24013988
	23445  -  MemoryUsage of job (MB)
	24007340  -  ResidentSetSize of job (KB)
...
005 (21743.000.000) 05/21 19:02:46 Job terminated.
	(1) Normal termination (return value 0)
		Usr 0 00:20:46, Sys 0 00:00:33  -  Run Remote Usage
		Usr 0 00:00:00, Sys 0 00:00:00  -  Run Local Usage
		Usr 0 00:20:46, Sys 0 00:00:33  -  Total Remote Usage
		Usr 0 00:00:00, Sys 0 00:00:00  -  Total Local Usage
	0  -  Run Bytes Sent By Job
	0  -  Run Bytes Received By Job
	0  -  Total Bytes Sent By Job
	0  -  Total Bytes Received By Job
	Partitionable Resources :    Usage  Request Allocated
	   Cpus                 :                 1         1
	   Disk (KB)            :       15 52428800  54743166
	   Memory (MB)          :    23445    51200     51200
...
001 (21743.001.000) 05/21 19:38:31 Job executing on host: <10.0.0.5:9619?sock=8697_9e75_3>
...
006 (21743.001.000) 05/21 19:38:40 Image size of job updated: 950824
	929  -  MemoryUsage of job (MB)
	950812  -  ResidentSetSize of job (KB)
...
006 (21743.001.000) 05/21 19:43:41 Image size of job updated: 7139388
	6973  -  MemoryUsage of job (MB)
	7139376  -  ResidentSetSize of job (KB)
...
006 (21743.001.000) 05/21 19:48:42 Image size of job updated: 8053656
	7865  -  MemoryUsage of job (MB)
	8053488  -  ResidentSetSize of job (KB)
...
006 (21743.001.000) 05/21 19:53:42 Image size of job updated: 13474256
	13159  -  MemoryUsage of job (MB)
	13474084  -  ResidentSetSize of job (KB)
...
006 (21743.001.000) 05/21 20:03:43 Image size of job updated: 27020188
	26387  -  MemoryUsage of job (MB)
	27019760  -  ResidentSetSize of job (KB)
...
005 (21743.001.000) 05/21 20:08:37 Job terminated.
	(1) Normal termination (return value 0)
		Usr 0 00:26:45, Sys 0 00:03:03  -  Run Remote Usage
		Usr 0 00:00:00, Sys 0 00:00:00  -  Run Local Usage
		Usr 0 00:26:45, Sys 0 00:03:03  -  Total Remote Usage
		Usr 0 00:00:00, Sys 0 00:00:00  -  Total Local Usage
	0  -  Run Bytes Sent By Job
	0  -  Run Bytes Received By Job
	0  -  Total Bytes Sent By Job
	0  -  Total Bytes Received By Job
	Partitionable Resources :    Usage  Request Allocated
	   Cpus                 :                 1         1
	   Disk (KB)            :       15 52428800  54112980
	   Memory (MB)          :    26387    51200     51200
...
001 (21743.002.000) 05/21 20:08:46 Job executing on host: <10.0.0.5:9619?sock=8697_9e75_3>
...
006 (21743.002.000) 05/21 20:08:54 Image size of job updated: 961412
	939  -  MemoryUsage of job (MB)
	961412  -  ResidentSetSize of job (KB)
...
006 (21743.002.000) 05/21 20:13:54 Image size of job updated: 7744444
	7563  -  MemoryUsage of job (MB)
	7744444  -  ResidentSetSize of job (KB)
...
006 (21743.002.000) 05/21 20:23:55 Image size of job updated: 13475872
	13161  -  MemoryUsage of job (MB)
	13475872  -  ResidentSetSize of job (KB)
...
006 (21743.002.000) 05/21 20:33:56 Image size of job updated: 24927432
	24344  -  MemoryUsage of job (MB)
	24927432  -  ResidentSetSize of job (KB)
...
001 (21743.003.000) 05/21 20:34:58 Job executing on host: <10.0.0.207:9619?sock=8687_3c0a_3>
...
006 (21743.003.000) 05/21 20:35:06 Image size of job updated: 960156
	938  -  MemoryUsage of job (MB)
	959616  -  ResidentSetSize of job (KB)
...
001 (21743.004.000) 05/21 20:35:18 Job executing on host: <10.0.0.60:9619?sock=10662_aa1d_3>
...
006 (21743.004.000) 05/21 20:35:26 Image size of job updated: 950832
	929  -  MemoryUsage of job (MB)
	950828  -  ResidentSetSize of job (KB)
...
006 (21743.002.000) 05/21 20:36:00 Image size of job updated: 24927580
	24344  -  MemoryUsage of job (MB)
	24927432  -  ResidentSetSize of job (KB)
...
005 (21743.002.000) 05/21 20:36:00 Job terminated.
	(1) Normal termination (return value 0)
		Usr 0 00:26:35, Sys 0 00:00:34  -  Run Remote Usage
		Usr 0 00:00:00, Sys 0 00:00:00  -  Run Local Usage
		Usr 0 00:26:35, Sys 0 00:00:34  -  Total Remote Usage
		Usr 0 00:00:00, Sys 0 00:00:00  -  Total Local Usage
	0  -  Run Bytes Sent By Job
	0  -  Run Bytes Received By Job
	0  -  Total Bytes Sent By Job
	0  -  Total Bytes Received By Job
	Partitionable Resources :    Usage  Request Allocated
	   Cpus                 :                 1         1
	   Disk (KB)            :       15 52428800  54112980
	   Memory (MB)          :    24344    51200     51200
...
001 (21743.005.000) 05/21 20:36:17 Job executing on host: <10.0.0.5:9619?sock=8697_9e75_3>
...
006 (21743.005.000) 05/21 20:36:26 Image size of job updated: 1146040
	1120  -  MemoryUsage of job (MB)
	1146040  -  ResidentSetSize of job (KB)
...
006 (21743.003.000) 05/21 20:40:06 Image size of job updated: 6027428
	5886  -  MemoryUsage of job (MB)
	6026888  -  ResidentSetSize of job (KB)
...
006 (21743.004.000) 05/21 20:40:26 Image size of job updated: 4959120
	4843  -  MemoryUsage of job (MB)
	4959116  -  ResidentSetSize of job (KB)
...
006 (21743.005.000) 05/21 20:41:27 Image size of job updated: 7422004
	7249  -  MemoryUsage of job (MB)
	7422004  -  ResidentSetSize of job (KB)
...
006 (21743.003.000) 05/21 20:45:07 Image size of job updated: 7802972
	7620  -  MemoryUsage of job (MB)
	7802432  -  ResidentSetSize of job (KB)
...
006 (21743.004.000) 05/21 20:45:27 Image size of job updated: 5891736
	5754  -  MemoryUsage of job (MB)
	5891728  -  ResidentSetSize of job (KB)
...
006 (21743.003.000) 05/21 20:50:08 Image size of job updated: 11521244
	11251  -  MemoryUsage of job (MB)
	11520704  -  ResidentSetSize of job (KB)
...
006 (21743.004.000) 05/21 20:50:27 Image size of job updated: 9647176
	9421  -  MemoryUsage of job (MB)
	9647004  -  ResidentSetSize of job (KB)
...
006 (21743.005.000) 05/21 20:51:27 Image size of job updated: 13475624
	13160  -  MemoryUsage of job (MB)
	13475624  -  ResidentSetSize of job (KB)
...
006 (21743.003.000) 05/21 20:55:08 Image size of job updated: 13474588
	13159  -  MemoryUsage of job (MB)
	13474048  -  ResidentSetSize of job (KB)
...
006 (21743.004.000) 05/21 20:55:28 Image size of job updated: 13765672
	13443  -  MemoryUsage of job (MB)
	13765500  -  ResidentSetSize of job (KB)
...
006 (21743.003.000) 05/21 21:00:09 Image size of job updated: 17895312
	17476  -  MemoryUsage of job (MB)
	17894772  -  ResidentSetSize of job (KB)
...
006 (21743.005.000) 05/21 21:01:28 Image size of job updated: 24512604
	23939  -  MemoryUsage of job (MB)
	24512604  -  ResidentSetSize of job (KB)
...
006 (21743.005.000) 05/21 21:03:14 Image size of job updated: 24512872
	23939  -  MemoryUsage of job (MB)
	24512604  -  ResidentSetSize of job (KB)
...
005 (21743.005.000) 05/21 21:03:15 Job terminated.
	(1) Normal termination (return value 0)
		Usr 0 00:26:20, Sys 0 00:00:32  -  Run Remote Usage
		Usr 0 00:00:00, Sys 0 00:00:00  -  Run Local Usage
		Usr 0 00:26:20, Sys 0 00:00:32  -  Total Remote Usage
		Usr 0 00:00:00, Sys 0 00:00:00  -  Total Local Usage
	0  -  Run Bytes Sent By Job
	0  -  Run Bytes Received By Job
	0  -  Total Bytes Sent By Job
	0  -  Total Bytes Received By Job
	Partitionable Resources :    Usage  Request Allocated
	   Cpus                 :                 1         1
	   Disk (KB)            :       15 52428800  54112980
	   Memory (MB)          :    23939    51200     51200
...
001 (21743.006.000) 05/21 21:03:30 Job executing on host: <10.0.0.5:9619?sock=8697_9e75_3>
...
006 (21743.006.000) 05/21 21:03:38 Image size of job updated: 961572
	940  -  MemoryUsage of job (MB)
	961572  -  ResidentSetSize of job (KB)
...
006 (21743.003.000) 05/21 21:05:10 Image size of job updated: 23699624
	23144  -  MemoryUsage of job (MB)
	23699084  -  ResidentSetSize of job (KB)
...
006 (21743.004.000) 05/21 21:05:28 Image size of job updated: 14070632
	13741  -  MemoryUsage of job (MB)
	14070452  -  ResidentSetSize of job (KB)
...
006 (21743.006.000) 05/21 21:08:38 Image size of job updated: 8119924
	7930  -  MemoryUsage of job (MB)
	8119924  -  ResidentSetSize of job (KB)
...
006 (21743.003.000) 05/21 21:10:10 Image size of job updated: 28652084
	27981  -  MemoryUsage of job (MB)
	28651544  -  ResidentSetSize of job (KB)
...
006 (21743.004.000) 05/21 21:10:28 Image size of job updated: 22732564
	22200  -  MemoryUsage of job (MB)
	22732040  -  ResidentSetSize of job (KB)
...
005 (21743.003.000) 05/21 21:14:07 Job terminated.
	(1) Normal termination (return value 0)
		Usr 0 00:26:43, Sys 0 00:12:21  -  Run Remote Usage
		Usr 0 00:00:00, Sys 0 00:00:00  -  Run Local Usage
		Usr 0 00:26:43, Sys 0 00:12:21  -  Total Remote Usage
		Usr 0 00:00:00, Sys 0 00:00:00  -  Total Local Usage
	0  -  Run Bytes Sent By Job
	0  -  Run Bytes Received By Job
	0  -  Total Bytes Sent By Job
	0  -  Total Bytes Received By Job
	Partitionable Resources :    Usage  Request Allocated
	   Cpus                 :                 1         1
	   Disk (KB)            :       15 52428800  54172452
	   Memory (MB)          :    27981    51200     51200
...
001 (21743.007.000) 05/21 21:14:14 Job executing on host: <10.0.0.207:9619?sock=8687_3c0a_3>
...
006 (21743.007.000) 05/21 21:14:23 Image size of job updated: 959612
	938  -  MemoryUsage of job (MB)
	959612  -  ResidentSetSize of job (KB)
...
006 (21743.004.000) 05/21 21:15:29 Image size of job updated: 25002080
	24416  -  MemoryUsage of job (MB)
	25001536  -  ResidentSetSize of job (KB)
...
006 (21743.004.000) 05/21 21:17:30 Image size of job updated: 25002268
	24416  -  MemoryUsage of job (MB)
	25001536  -  ResidentSetSize of job (KB)
...
005 (21743.004.000) 05/21 21:17:31 Job terminated.
	(1) Normal termination (return value 0)
		Usr 0 00:37:28, Sys 0 00:04:33  -  Run Remote Usage
		Usr 0 00:00:00, Sys 0 00:00:00  -  Run Local Usage
		Usr 0 00:37:28, Sys 0 00:04:33  -  Total Remote Usage
		Usr 0 00:00:00, Sys 0 00:00:00  -  Total Local Usage
	0  -  Run Bytes Sent By Job
	0  -  Run Bytes Received By Job
	0  -  Total Bytes Sent By Job
	0  -  Total Bytes Received By Job
	Partitionable Resources :    Usage  Request Allocated
	   Cpus                 :                 1         1
	   Disk (KB)            :       15 52428800  53038622
	   Memory (MB)          :    24416    51200     51200
...
001 (21743.008.000) 05/21 21:17:36 Job executing on host: <10.0.0.60:9619?sock=10662_aa1d_3>
...
006 (21743.008.000) 05/21 21:17:45 Image size of job updated: 930824
	910  -  MemoryUsage of job (MB)
	930824  -  ResidentSetSize of job (KB)
...
006 (21743.006.000) 05/21 21:18:39 Image size of job updated: 13476048
	13161  -  MemoryUsage of job (MB)
	13476048  -  ResidentSetSize of job (KB)
...
006 (21743.007.000) 05/21 21:19:23 Image size of job updated: 8215528
	8023  -  MemoryUsage of job (MB)
	8215528  -  ResidentSetSize of job (KB)
...
006 (21743.008.000) 05/21 21:22:46 Image size of job updated: 4980096
	4864  -  MemoryUsage of job (MB)
	4980096  -  ResidentSetSize of job (KB)
...
006 (21743.008.000) 05/21 21:27:47 Image size of job updated: 5891716
	5754  -  MemoryUsage of job (MB)
	5891716  -  ResidentSetSize of job (KB)
...
006 (21743.006.000) 05/21 21:28:40 Image size of job updated: 22904308
	22368  -  MemoryUsage of job (MB)
	22904308  -  ResidentSetSize of job (KB)
...
006 (21743.007.000) 05/21 21:29:24 Image size of job updated: 13474056
	13159  -  MemoryUsage of job (MB)
	13474056  -  ResidentSetSize of job (KB)
...
006 (21743.006.000) 05/21 21:30:32 Image size of job updated: 22904580
	22368  -  MemoryUsage of job (MB)
	22904308  -  ResidentSetSize of job (KB)
...
005 (21743.006.000) 05/21 21:30:32 Job terminated.
	(1) Normal termination (return value 0)
		Usr 0 00:26:24, Sys 0 00:00:34  -  Run Remote Usage
		Usr 0 00:00:00, Sys 0 00:00:00  -  Run Local Usage
		Usr 0 00:26:24, Sys 0 00:00:34  -  Total Remote Usage
		Usr 0 00:00:00, Sys 0 00:00:00  -  Total Local Usage
	0  -  Run Bytes Sent By Job
	0  -  Run Bytes Received By Job
	0  -  Total Bytes Sent By Job
	0  -  Total Bytes Received By Job
	Partitionable Resources :    Usage  Request Allocated
	   Cpus                 :                 1         1
	   Disk (KB)            :       15 52428800  54112980
	   Memory (MB)          :    22368    51200     51200
...
001 (21743.009.000) 05/21 21:30:43 Job executing on host: <10.0.0.5:9619?sock=8697_9e75_3>
...
006 (21743.009.000) 05/21 21:30:51 Image size of job updated: 901844
	881  -  MemoryUsage of job (MB)
	901844  -  ResidentSetSize of job (KB)
...
006 (21743.008.000) 05/21 21:32:47 Image size of job updated: 9646992
	9421  -  MemoryUsage of job (MB)
	9646992  -  ResidentSetSize of job (KB)
...
006 (21743.007.000) 05/21 21:34:25 Image size of job updated: 13667168
	13347  -  MemoryUsage of job (MB)
	13667168  -  ResidentSetSize of job (KB)
...
006 (21743.009.000) 05/21 21:35:51 Image size of job updated: 7427676
	7254  -  MemoryUsage of job (MB)
	7427676  -  ResidentSetSize of job (KB)
...
006 (21743.008.000) 05/21 21:37:47 Image size of job updated: 12422888
	12132  -  MemoryUsage of job (MB)
	12422888  -  ResidentSetSize of job (KB)
...
006 (21743.007.000) 05/21 21:39:25 Image size of job updated: 26423036
	25804  -  MemoryUsage of job (MB)
	26423036  -  ResidentSetSize of job (KB)
...
006 (21743.008.000) 05/21 21:42:48 Image size of job updated: 13474084
	13159  -  MemoryUsage of job (MB)
	13474084  -  ResidentSetSize of job (KB)
...
005 (21743.007.000) 05/21 21:43:57 Job terminated.
	(1) Normal termination (return value 0)
		Usr 0 00:26:13, Sys 0 00:03:25  -  Run Remote Usage
		Usr 0 00:00:00, Sys 0 00:00:00  -  Run Local Usage
		Usr 0 00:26:13, Sys 0 00:03:25  -  Total Remote Usage
		Usr 0 00:00:00, Sys 0 00:00:00  -  Total Local Usage
	0  -  Run Bytes Sent By Job
	0  -  Run Bytes Received By Job
	0  -  Total Bytes Sent By Job
	0  -  Total Bytes Received By Job
	Partitionable Resources :    Usage  Request Allocated
	   Cpus                 :                 1         1
	   Disk (KB)            :       15 52428800  54172452
	   Memory (MB)          :    25804    51200     51200
...
001 (21743.010.000) 05/21 21:44:10 Job executing on host: <10.0.0.207:9619?sock=8687_3c0a_3>
...
006 (21743.010.000) 05/21 21:44:18 Image size of job updated: 946256
	925  -  MemoryUsage of job (MB)
	946256  -  ResidentSetSize of job (KB)
...
006 (21743.009.000) 05/21 21:45:53 Image size of job updated: 13474020
	13159  -  MemoryUsage of job (MB)
	13474020  -  ResidentSetSize of job (KB)
...
006 (21743.008.000) 05/21 21:47:49 Image size of job updated: 16661756
	16272  -  MemoryUsage of job (MB)
	16661756  -  ResidentSetSize of job (KB)
...
006 (21743.010.000) 05/21 21:49:18 Image size of job updated: 7811532
	7629  -  MemoryUsage of job (MB)
	7811532  -  ResidentSetSize of job (KB)
...
001 (21743.011.000) 05/21 21:52:33 Job executing on host: <10.0.1.100:9619?sock=9719_4f72_3>
...
006 (21743.011.000) 05/21 21:52:42 Image size of job updated: 1066532
	1042  -  MemoryUsage of job (MB)
	1066532  -  ResidentSetSize of job (KB)
...
006 (21743.008.000) 05/21 21:52:49 Image size of job updated: 25812476
	25208  -  MemoryUsage of job (MB)
	25812476  -  ResidentSetSize of job (KB)
...
006 (21743.009.000) 05/21 21:55:54 Image size of job updated: 25099352
	24512  -  MemoryUsage of job (MB)
	25099352  -  ResidentSetSize of job (KB)
...
005 (21743.008.000) 05/21 21:56:27 Job terminated.
	(1) Normal termination (return value 0)
		Usr 0 00:37:29, Sys 0 00:01:13  -  Run Remote Usage
		Usr 0 00:00:00, Sys 0 00:00:00  -  Run Local Usage
		Usr 0 00:37:29, Sys 0 00:01:13  -  Total Remote Usage
		Usr 0 00:00:00, Sys 0 00:00:00  -  Total Local Usage
	0  -  Run Bytes Sent By Job
	0  -  Run Bytes Received By Job
	0  -  Total Bytes Sent By Job
	0  -  Total Bytes Received By Job
	Partitionable Resources :    Usage  Request Allocated
	   Cpus                 :                 1         1
	   Disk (KB)            :       15 52428800  53038564
	   Memory (MB)          :    25208    51200     51200
...
001 (21743.012.000) 05/21 21:56:35 Job executing on host: <10.0.0.60:9619?sock=10662_aa1d_3>
...
006 (21743.012.000) 05/21 21:56:44 Image size of job updated: 895872
	875  -  MemoryUsage of job (MB)
	895872  -  ResidentSetSize of job (KB)
...
006 (21743.011.000) 05/21 21:57:43 Image size of job updated: 5893628
	5756  -  MemoryUsage of job (MB)
	5893628  -  ResidentSetSize of job (KB)
...
006 (21743.009.000) 05/21 21:58:20 Image size of job updated: 25099484
	24512  -  MemoryUsage of job (MB)
	25099352  -  ResidentSetSize of job (KB)
...
005 (21743.009.000) 05/21 21:58:20 Job terminated.
	(1) Normal termination (return value 0)
		Usr 0 00:27:00, Sys 0 00:00:34  -  Run Remote Usage
		Usr 0 00:00:00, Sys 0 00:00:00  -  Run Local Usage
		Usr 0 00:27:00, Sys 0 00:00:34  -  Total Remote Usage
		Usr 0 00:00:00, Sys 0 00:00:00  -  Total Local Usage
	0  -  Run Bytes Sent By Job
	0  -  Run Bytes Received By Job
	0  -  Total Bytes Sent By Job
	0  -  Total Bytes Received By Job
	Partitionable Resources :    Usage  Request Allocated
	   Cpus                 :                 1         1
	   Disk (KB)            :       15 52428800  54112980
	   Memory (MB)          :    24512    51200     51200
...
006 (21743.010.000) 05/21 21:59:19 Image size of job updated: 13474020
	13159  -  MemoryUsage of job (MB)
	13474020  -  ResidentSetSize of job (KB)
...
006 (21743.012.000) 05/21 22:01:45 Image size of job updated: 4981356
	4865  -  MemoryUsage of job (MB)
	4981356  -  ResidentSetSize of job (KB)
...
006 (21743.011.000) 05/21 22:02:43 Image size of job updated: 10252000
	10012  -  MemoryUsage of job (MB)
	10252000  -  ResidentSetSize of job (KB)
...
006 (21743.012.000) 05/21 22:06:45 Image size of job updated: 5891720
	5754  -  MemoryUsage of job (MB)
	5891720  -  ResidentSetSize of job (KB)
...
006 (21743.011.000) 05/21 22:07:43 Image size of job updated: 13475956
	13161  -  MemoryUsage of job (MB)
	13475956  -  ResidentSetSize of job (KB)
...
006 (21743.010.000) 05/21 22:09:21 Image size of job updated: 27890872
	27236  -  MemoryUsage of job (MB)
	27889452  -  ResidentSetSize of job (KB)
...
006 (21743.012.000) 05/21 22:11:45 Image size of job updated: 9646996
	9421  -  MemoryUsage of job (MB)
	9646996  -  ResidentSetSize of job (KB)
...
005 (21743.010.000) 05/21 22:12:23 Job terminated.
	(1) Normal termination (return value 0)
		Usr 0 00:25:54, Sys 0 00:02:15  -  Run Remote Usage
		Usr 0 00:00:00, Sys 0 00:00:00  -  Run Local Usage
		Usr 0 00:25:54, Sys 0 00:02:15  -  Total Remote Usage
		Usr 0 00:00:00, Sys 0 00:00:00  -  Total Local Usage
	0  -  Run Bytes Sent By Job
	0  -  Run Bytes Received By Job
	0  -  Total Bytes Sent By Job
	0  -  Total Bytes Received By Job
	Partitionable Resources :    Usage  Request Allocated
	   Cpus                 :                 1         1
	   Disk (KB)            :       15 52428800  54172452
	   Memory (MB)          :    27236    51200     51200
...
006 (21743.011.000) 05/21 22:12:44 Image size of job updated: 22599000
	22070  -  MemoryUsage of job (MB)
	22599000  -  ResidentSetSize of job (KB)
...
005 (21743.011.000) 05/21 22:13:36 Job terminated.
	(1) Normal termination (return value 0)
		Usr 0 00:20:28, Sys 0 00:00:31  -  Run Remote Usage
		Usr 0 00:00:00, Sys 0 00:00:00  -  Run Local Usage
		Usr 0 00:20:28, Sys 0 00:00:31  -  Total Remote Usage
		Usr 0 00:00:00, Sys 0 00:00:00  -  Total Local Usage
	0  -  Run Bytes Sent By Job
	0  -  Run Bytes Received By Job
	0  -  Total Bytes Sent By Job
	0  -  Total Bytes Received By Job
	Partitionable Resources :    Usage  Request Allocated
	   Cpus                 :                 1         1
	   Disk (KB)            :       15 52428800  54743166
	   Memory (MB)          :    22070    51200     51200
...
006 (21743.012.000) 05/21 22:16:46 Image size of job updated: 13787432
	13465  -  MemoryUsage of job (MB)
	13787432  -  ResidentSetSize of job (KB)
...
006 (21743.012.000) 05/21 22:26:47 Image size of job updated: 15466948
	15105  -  MemoryUsage of job (MB)
	15466948  -  ResidentSetSize of job (KB)
...
006 (21743.012.000) 05/21 22:31:47 Image size of job updated: 24965480
	24381  -  MemoryUsage of job (MB)
	24965480  -  ResidentSetSize of job (KB)
...
006 (21743.012.000) 05/21 22:34:56 Image size of job updated: 24965856
	24381  -  MemoryUsage of job (MB)
	24965480  -  ResidentSetSize of job (KB)
...
005 (21743.012.000) 05/21 22:34:56 Job terminated.
	(1) Normal termination (return value 0)
		Usr 0 00:37:36, Sys 0 00:00:33  -  Run Remote Usage
		Usr 0 00:00:00, Sys 0 00:00:00  -  Run Local Usage
		Usr 0 00:37:36, Sys 0 00:00:33  -  Total Remote Usage
		Usr 0 00:00:00, Sys 0 00:00:00  -  Total Local Usage
	0  -  Run Bytes Sent By Job
	0  -  Run Bytes Received By Job
	0  -  Total Bytes Sent By Job
	0  -  Total Bytes Received By Job
	Partitionable Resources :    Usage  Request Allocated
	   Cpus                 :                 1         1
	   Disk (KB)            :       15 52428800  53038506
	   Memory (MB)          :    24381    51200     51200
...
