000 (20865.000.000) 02/19 19:39:00 Job submitted from host: <10.0.0.43:9619?sock=38829_b8e3_3>
...
000 (20865.001.000) 02/19 19:39:00 Job submitted from host: <10.0.0.43:9619?sock=38829_b8e3_3>
...
000 (20865.002.000) 02/19 19:39:00 Job submitted from host: <10.0.0.43:9619?sock=38829_b8e3_3>
...
000 (20865.003.000) 02/19 19:39:00 Job submitted from host: <10.0.0.43:9619?sock=38829_b8e3_3>
...
000 (20865.004.000) 02/19 19:39:00 Job submitted from host: <10.0.0.43:9619?sock=38829_b8e3_3>
...
000 (20865.005.000) 02/19 19:39:00 Job submitted from host: <10.0.0.43:9619?sock=38829_b8e3_3>
...
000 (20865.006.000) 02/19 19:39:00 Job submitted from host: <10.0.0.43:9619?sock=38829_b8e3_3>
...
000 (20865.007.000) 02/19 19:39:00 Job submitted from host: <10.0.0.43:9619?sock=38829_b8e3_3>
...
000 (20865.008.000) 02/19 19:39:00 Job submitted from host: <10.0.0.43:9619?sock=38829_b8e3_3>
...
000 (20865.009.000) 02/19 19:39:00 Job submitted from host: <10.0.0.43:9619?sock=38829_b8e3_3>
...
000 (20865.010.000) 02/19 19:39:00 Job submitted from host: <10.0.0.43:9619?sock=38829_b8e3_3>
...
000 (20865.011.000) 02/19 19:39:00 Job submitted from host: <10.0.0.43:9619?sock=38829_b8e3_3>
...
000 (20865.012.000) 02/19 19:39:00 Job submitted from host: <10.0.0.43:9619?sock=38829_b8e3_3>
...
000 (20865.013.000) 02/19 19:39:00 Job submitted from host: <10.0.0.43:9619?sock=38829_b8e3_3>
...
000 (20865.014.000) 02/19 19:39:00 Job submitted from host: <10.0.0.43:9619?sock=38829_b8e3_3>
...
000 (20865.015.000) 02/19 19:39:00 Job submitted from host: <10.0.0.43:9619?sock=38829_b8e3_3>
...
000 (20865.016.000) 02/19 19:39:00 Job submitted from host: <10.0.0.43:9619?sock=38829_b8e3_3>
...
000 (20865.017.000) 02/19 19:39:00 Job submitted from host: <10.0.0.43:9619?sock=38829_b8e3_3>
...
001 (20865.000.000) 02/19 19:45:04 Job executing on host: <10.0.0.207:9619?sock=8687_3c0a_3>
...
006 (20865.000.000) 02/19 19:45:13 Image size of job updated: 137572
	135  -  MemoryUsage of job (MB)
	137572  -  ResidentSetSize of job (KB)
...
006 (20865.000.000) 02/19 19:46:55 Image size of job updated: 152452
	135  -  MemoryUsage of job (MB)
	137572  -  ResidentSetSize of job (KB)
...
005 (20865.000.000) 02/19 19:46:56 Job terminated.
	(1) Normal termination (return value 1)
		Usr 0 00:06:34, Sys 0 00:00:04  -  Run Remote Usage
		Usr 0 00:00:00, Sys 0 00:00:00  -  Run Local Usage
		Usr 0 00:06:34, Sys 0 00:00:04  -  Total Remote Usage
		Usr 0 00:00:00, Sys 0 00:00:00  -  Total Local Usage
	0  -  Run Bytes Sent By Job
	0  -  Run Bytes Received By Job
	0  -  Total Bytes Sent By Job
	0  -  Total Bytes Received By Job
	Partitionable Resources :    Usage  Request Allocated
	   Cpus                 :                 1         1
	   Disk (KB)            :        4 20971520  25773096
	   Memory (MB)          :      135    20480     20480
...
001 (20865.001.000) 02/19 19:47:06 Job executing on host: <10.0.0.207:9619?sock=8687_3c0a_3>
...
006 (20865.001.000) 02/19 19:47:14 Image size of job updated: 137848
	135  -  MemoryUsage of job (MB)
	137848  -  ResidentSetSize of job (KB)
...
006 (20865.001.000) 02/19 19:49:00 Image size of job updated: 148768
	135  -  MemoryUsage of job (MB)
	137848  -  ResidentSetSize of job (KB)
...
005 (20865.001.000) 02/19 19:49:00 Job terminated.
	(1) Normal termination (return value 1)
		Usr 0 00:06:39, Sys 0 00:00:04  -  Run Remote Usage
		Usr 0 00:00:00, Sys 0 00:00:00  -  Run Local Usage
		Usr 0 00:06:39, Sys 0 00:00:04  -  Total Remote Usage
		Usr 0 00:00:00, Sys 0 00:00:00  -  Total Local Usage
	0  -  Run Bytes Sent By Job
	0  -  Run Bytes Received By Job
	0  -  Total Bytes Sent By Job
	0  -  Total Bytes Received By Job
	Partitionable Resources :    Usage  Request Allocated
	   Cpus                 :                 1         1
	   Disk (KB)            :        4 20971520  25773096
	   Memory (MB)          :      135    20480     20480
...
001 (20865.002.000) 02/19 19:49:08 Job executing on host: <10.0.0.207:9619?sock=8687_3c0a_3>
...
006 (20865.002.000) 02/19 19:49:16 Image size of job updated: 144544
	142  -  MemoryUsage of job (MB)
	144544  -  ResidentSetSize of job (KB)
...
006 (20865.002.000) 02/19 19:50:59 Image size of job updated: 150064
	142  -  MemoryUsage of job (MB)
	144544  -  ResidentSetSize of job (KB)
...
005 (20865.002.000) 02/19 19:50:59 Job terminated.
	(1) Normal termination (return value 1)
		Usr 0 00:06:39, Sys 0 00:00:04  -  Run Remote Usage
		Usr 0 00:00:00, Sys 0 00:00:00  -  Run Local Usage
		Usr 0 00:06:39, Sys 0 00:00:04  -  Total Remote Usage
		Usr 0 00:00:00, Sys 0 00:00:00  -  Total Local Usage
	0  -  Run Bytes Sent By Job
	0  -  Run Bytes Received By Job
	0  -  Total Bytes Sent By Job
	0  -  Total Bytes Received By Job
	Partitionable Resources :    Usage  Request Allocated
	   Cpus                 :                 1         1
	   Disk (KB)            :        4 20971520  25773096
	   Memory (MB)          :      142    20480     20480
...
001 (20865.003.000) 02/19 19:51:10 Job executing on host: <10.0.0.207:9619?sock=8687_3c0a_3>
...
006 (20865.003.000) 02/19 19:51:18 Image size of job updated: 139516
	137  -  MemoryUsage of job (MB)
	139516  -  ResidentSetSize of job (KB)
...
006 (20865.003.000) 02/19 19:53:03 Image size of job updated: 147280
	137  -  MemoryUsage of job (MB)
	139516  -  ResidentSetSize of job (KB)
...
005 (20865.003.000) 02/19 19:53:03 Job terminated.
	(1) Normal termination (return value 1)
		Usr 0 00:06:43, Sys 0 00:00:04  -  Run Remote Usage
		Usr 0 00:00:00, Sys 0 00:00:00  -  Run Local Usage
		Usr 0 00:06:43, Sys 0 00:00:04  -  Total Remote Usage
		Usr 0 00:00:00, Sys 0 00:00:00  -  Total Local Usage
	0  -  Run Bytes Sent By Job
	0  -  Run Bytes Received By Job
	0  -  Total Bytes Sent By Job
	0  -  Total Bytes Received By Job
	Partitionable Resources :    Usage  Request Allocated
	   Cpus                 :                 1         1
	   Disk (KB)            :        4 20971520  25773096
	   Memory (MB)          :      137    20480     20480
...
001 (20865.004.000) 02/19 19:53:12 Job executing on host: <10.0.0.207:9619?sock=8687_3c0a_3>
...
006 (20865.004.000) 02/19 19:53:20 Image size of job updated: 136768
	134  -  MemoryUsage of job (MB)
	136768  -  ResidentSetSize of job (KB)
...
006 (20865.004.000) 02/19 19:55:10 Image size of job updated: 150856
	134  -  MemoryUsage of job (MB)
	136768  -  ResidentSetSize of job (KB)
...
005 (20865.004.000) 02/19 19:55:11 Job terminated.
	(1) Normal termination (return value 1)
		Usr 0 00:06:42, Sys 0 00:00:04  -  Run Remote Usage
		Usr 0 00:00:00, Sys 0 00:00:00  -  Run Local Usage
		Usr 0 00:06:42, Sys 0 00:00:04  -  Total Remote Usage
		Usr 0 00:00:00, Sys 0 00:00:00  -  Total Local Usage
	0  -  Run Bytes Sent By Job
	0  -  Run Bytes Received By Job
	0  -  Total Bytes Sent By Job
	0  -  Total Bytes Received By Job
	Partitionable Resources :    Usage  Request Allocated
	   Cpus                 :                 1         1
	   Disk (KB)            :        4 20971520  25773096
	   Memory (MB)          :      134    20480     20480
...
001 (20865.005.000) 02/19 19:55:34 Job executing on host: <10.0.0.207:9619?sock=8687_3c0a_3>
...
006 (20865.005.000) 02/19 19:55:42 Image size of job updated: 145736
	143  -  MemoryUsage of job (MB)
	145736  -  ResidentSetSize of job (KB)
...
001 (20865.006.000) 02/19 19:57:15 Job executing on host: <10.0.1.104:9619?sock=8669_f148_3>
...
006 (20865.006.000) 02/19 19:57:24 Image size of job updated: 145412
	143  -  MemoryUsage of job (MB)
	145412  -  ResidentSetSize of job (KB)
...
006 (20865.005.000) 02/19 19:57:29 Image size of job updated: 159472
	143  -  MemoryUsage of job (MB)
	145736  -  ResidentSetSize of job (KB)
...
005 (20865.005.000) 02/19 19:57:29 Job terminated.
	(1) Normal termination (return value 1)
		Usr 0 00:06:58, Sys 0 00:00:04  -  Run Remote Usage
		Usr 0 00:00:00, Sys 0 00:00:00  -  Run Local Usage
		Usr 0 00:06:58, Sys 0 00:00:04  -  Total Remote Usage
		Usr 0 00:00:00, Sys 0 00:00:00  -  Total Local Usage
	0  -  Run Bytes Sent By Job
	0  -  Run Bytes Received By Job
	0  -  Total Bytes Sent By Job
	0  -  Total Bytes Received By Job
	Partitionable Resources :    Usage  Request Allocated
	   Cpus                 :                 1         1
	   Disk (KB)            :        4 20971520  25773096
	   Memory (MB)          :      143    20480     20480
...
001 (20865.007.000) 02/19 19:57:35 Job executing on host: <10.0.0.207:9619?sock=8687_3c0a_3>
...
006 (20865.007.000) 02/19 19:57:44 Image size of job updated: 142968
	140  -  MemoryUsage of job (MB)
	142968  -  ResidentSetSize of job (KB)
...
006 (20865.007.000) 02/19 19:59:39 Image size of job updated: 164512
	140  -  MemoryUsage of job (MB)
	142968  -  ResidentSetSize of job (KB)
...
005 (20865.007.000) 02/19 19:59:39 Job terminated.
	(1) Normal termination (return value 1)
		Usr 0 00:06:59, Sys 0 00:00:04  -  Run Remote Usage
		Usr 0 00:00:00, Sys 0 00:00:00  -  Run Local Usage
		Usr 0 00:06:59, Sys 0 00:00:04  -  Total Remote Usage
		Usr 0 00:00:00, Sys 0 00:00:00  -  Total Local Usage
	0  -  Run Bytes Sent By Job
	0  -  Run Bytes Received By Job
	0  -  Total Bytes Sent By Job
	0  -  Total Bytes Received By Job
	Partitionable Resources :    Usage  Request Allocated
	   Cpus                 :                 1         1
	   Disk (KB)            :        4 20971520  25773096
	   Memory (MB)          :      140    20480     20480
...
001 (20865.008.000) 02/19 19:59:58 Job executing on host: <10.0.0.207:9619?sock=8687_3c0a_3>
...
006 (20865.008.000) 02/19 20:00:06 Image size of job updated: 137344
	135  -  MemoryUsage of job (MB)
	137344  -  ResidentSetSize of job (KB)
...
006 (20865.006.000) 02/19 20:00:21 Image size of job updated: 151660
	143  -  MemoryUsage of job (MB)
	145412  -  ResidentSetSize of job (KB)
...
005 (20865.006.000) 02/19 20:00:22 Job terminated.
	(1) Normal termination (return value 1)
		Usr 0 00:08:24, Sys 0 00:00:04  -  Run Remote Usage
		Usr 0 00:00:00, Sys 0 00:00:00  -  Run Local Usage
		Usr 0 00:08:24, Sys 0 00:00:04  -  Total Remote Usage
		Usr 0 00:00:00, Sys 0 00:00:00  -  Total Local Usage
	0  -  Run Bytes Sent By Job
	0  -  Run Bytes Received By Job
	0  -  Total Bytes Sent By Job
	0  -  Total Bytes Received By Job
	Partitionable Resources :    Usage  Request Allocated
	   Cpus                 :                 1         1
	   Disk (KB)            :        4 20971520  24059598
	   Memory (MB)          :      143    20480     20480
...
001 (20865.009.000) 02/19 20:00:38 Job executing on host: <10.0.1.104:9619?sock=8669_f148_3>
...
006 (20865.009.000) 02/19 20:00:47 Image size of job updated: 136760
	134  -  MemoryUsage of job (MB)
	136760  -  ResidentSetSize of job (KB)
...
006 (20865.008.000) 02/19 20:02:01 Image size of job updated: 143708
	135  -  MemoryUsage of job (MB)
	137344  -  ResidentSetSize of job (KB)
...
005 (20865.008.000) 02/19 20:02:01 Job terminated.
	(1) Normal termination (return value 1)
		Usr 0 00:07:04, Sys 0 00:00:05  -  Run Remote Usage
		Usr 0 00:00:00, Sys 0 00:00:00  -  Run Local Usage
		Usr 0 00:07:04, Sys 0 00:00:05  -  Total Remote Usage
		Usr 0 00:00:00, Sys 0 00:00:00  -  Total Local Usage
	0  -  Run Bytes Sent By Job
	0  -  Run Bytes Received By Job
	0  -  Total Bytes Sent By Job
	0  -  Total Bytes Received By Job
	Partitionable Resources :    Usage  Request Allocated
	   Cpus                 :                 1         1
	   Disk (KB)            :        4 20971520  25773096
	   Memory (MB)          :      135    20480     20480
...
001 (20865.010.000) 02/19 20:02:20 Job executing on host: <10.0.0.207:9619?sock=8687_3c0a_3>
...
006 (20865.010.000) 02/19 20:02:28 Image size of job updated: 137720
	135  -  MemoryUsage of job (MB)
	137720  -  ResidentSetSize of job (KB)
...
001 (20865.011.000) 02/19 20:02:40 Job executing on host: <10.0.1.103:9619?sock=9060_acba_3>
...
006 (20865.011.000) 02/19 20:02:50 Image size of job updated: 129828
	127  -  MemoryUsage of job (MB)
	129828  -  ResidentSetSize of job (KB)
...
006 (20865.009.000) 02/19 20:04:11 Image size of job updated: 150528
	134  -  MemoryUsage of job (MB)
	136760  -  ResidentSetSize of job (KB)
...
005 (20865.009.000) 02/19 20:04:11 Job terminated.
	(1) Normal termination (return value 1)
		Usr 0 00:09:14, Sys 0 00:00:05  -  Run Remote Usage
		Usr 0 00:00:00, Sys 0 00:00:00  -  Run Local Usage
		Usr 0 00:09:14, Sys 0 00:00:05  -  Total Remote Usage
		Usr 0 00:00:00, Sys 0 00:00:00  -  Total Local Usage
	0  -  Run Bytes Sent By Job
	0  -  Run Bytes Received By Job
	0  -  Total Bytes Sent By Job
	0  -  Total Bytes Received By Job
	Partitionable Resources :    Usage  Request Allocated
	   Cpus                 :                 1         1
	   Disk (KB)            :        4 20971520  24059592
	   Memory (MB)          :      134    20480     20480
...
001 (20865.012.000) 02/19 20:04:22 Job executing on host: <10.0.1.104:9619?sock=8669_f148_3>
...
006 (20865.012.000) 02/19 20:04:30 Image size of job updated: 128404
	126  -  MemoryUsage of job (MB)
	128404  -  ResidentSetSize of job (KB)
...
006 (20865.010.000) 02/19 20:04:30 Image size of job updated: 151268
	135  -  MemoryUsage of job (MB)
	137720  -  ResidentSetSize of job (KB)
...
005 (20865.010.000) 02/19 20:04:30 Job terminated.
	(1) Normal termination (return value 1)
		Usr 0 00:07:25, Sys 0 00:00:05  -  Run Remote Usage
		Usr 0 00:00:00, Sys 0 00:00:00  -  Run Local Usage
		Usr 0 00:07:25, Sys 0 00:00:05  -  Total Remote Usage
		Usr 0 00:00:00, Sys 0 00:00:00  -  Total Local Usage
	0  -  Run Bytes Sent By Job
	0  -  Run Bytes Received By Job
	0  -  Total Bytes Sent By Job
	0  -  Total Bytes Received By Job
	Partitionable Resources :    Usage  Request Allocated
	   Cpus                 :                 1         1
	   Disk (KB)            :        4 20971520  25773096
	   Memory (MB)          :      135    20480     20480
...
001 (20865.013.000) 02/19 20:04:42 Job executing on host: <10.0.0.207:9619?sock=8687_3c0a_3>
...
006 (20865.013.000) 02/19 20:04:51 Image size of job updated: 137688
	135  -  MemoryUsage of job (MB)
	137688  -  ResidentSetSize of job (KB)
...
006 (20865.013.000) 02/19 20:07:07 Image size of job updated: 144616
	135  -  MemoryUsage of job (MB)
	137688  -  ResidentSetSize of job (KB)
...
005 (20865.013.000) 02/19 20:07:07 Job terminated.
	(1) Normal termination (return value 1)
		Usr 0 00:08:21, Sys 0 00:00:05  -  Run Remote Usage
		Usr 0 00:00:00, Sys 0 00:00:00  -  Run Local Usage
		Usr 0 00:08:21, Sys 0 00:00:05  -  Total Remote Usage
		Usr 0 00:00:00, Sys 0 00:00:00  -  Total Local Usage
	0  -  Run Bytes Sent By Job
	0  -  Run Bytes Received By Job
	0  -  Total Bytes Sent By Job
	0  -  Total Bytes Received By Job
	Partitionable Resources :    Usage  Request Allocated
	   Cpus                 :                 1         1
	   Disk (KB)            :        4 20971520  25773096
	   Memory (MB)          :      135    20480     20480
...
001 (20865.014.000) 02/19 20:07:25 Job executing on host: <10.0.0.207:9619?sock=8687_3c0a_3>
...
006 (20865.014.000) 02/19 20:07:33 Image size of job updated: 139856
	137  -  MemoryUsage of job (MB)
	139856  -  ResidentSetSize of job (KB)
...
006 (20865.011.000) 02/19 20:07:50 Image size of job updated: 153460
	150  -  MemoryUsage of job (MB)
	153460  -  ResidentSetSize of job (KB)
...
006 (20865.012.000) 02/19 20:08:05 Image size of job updated: 150152
	126  -  MemoryUsage of job (MB)
	128404  -  ResidentSetSize of job (KB)
...
005 (20865.012.000) 02/19 20:08:05 Job terminated.
	(1) Normal termination (return value 1)
		Usr 0 00:09:49, Sys 0 00:00:05  -  Run Remote Usage
		Usr 0 00:00:00, Sys 0 00:00:00  -  Run Local Usage
		Usr 0 00:09:49, Sys 0 00:00:05  -  Total Remote Usage
		Usr 0 00:00:00, Sys 0 00:00:00  -  Total Local Usage
	0  -  Run Bytes Sent By Job
	0  -  Run Bytes Received By Job
	0  -  Total Bytes Sent By Job
	0  -  Total Bytes Received By Job
	Partitionable Resources :    Usage  Request Allocated
	   Cpus                 :                 1         1
	   Disk (KB)            :        4 20971520  24059592
	   Memory (MB)          :      126    20480     20480
...
001 (20865.015.000) 02/19 20:08:26 Job executing on host: <10.0.1.104:9619?sock=8669_f148_3>
...
006 (20865.015.000) 02/19 20:08:34 Image size of job updated: 140560
	138  -  MemoryUsage of job (MB)
	140560  -  ResidentSetSize of job (KB)
...
006 (20865.011.000) 02/19 20:09:02 Image size of job updated: 444380
	150  -  MemoryUsage of job (MB)
	153460  -  ResidentSetSize of job (KB)
...
005 (20865.011.000) 02/19 20:09:03 Job terminated.
	(1) Normal termination (return value 1)
		Usr 0 00:08:55, Sys 0 00:00:04  -  Run Remote Usage
		Usr 0 00:00:00, Sys 0 00:00:00  -  Run Local Usage
		Usr 0 00:08:55, Sys 0 00:00:04  -  Total Remote Usage
		Usr 0 00:00:00, Sys 0 00:00:00  -  Total Local Usage
	0  -  Run Bytes Sent By Job
	0  -  Run Bytes Received By Job
	0  -  Total Bytes Sent By Job
	0  -  Total Bytes Received By Job
	Partitionable Resources :    Usage  Request Allocated
	   Cpus                 :                 1         1
	   Disk (KB)            :        4 20971520  22128360
	   Memory (MB)          :      150    20480     20480
...
001 (20865.016.000) 02/19 20:09:27 Job executing on host: <10.0.1.103:9619?sock=9060_acba_3>
...
006 (20865.016.000) 02/19 20:09:35 Image size of job updated: 121400
	119  -  MemoryUsage of job (MB)
	121400  -  ResidentSetSize of job (KB)
...
006 (20865.014.000) 02/19 20:09:51 Image size of job updated: 145908
	137  -  MemoryUsage of job (MB)
	139856  -  ResidentSetSize of job (KB)
...
005 (20865.014.000) 02/19 20:09:51 Job terminated.
	(1) Normal termination (return value 1)
		Usr 0 00:08:20, Sys 0 00:00:05  -  Run Remote Usage
		Usr 0 00:00:00, Sys 0 00:00:00  -  Run Local Usage
		Usr 0 00:08:20, Sys 0 00:00:05  -  Total Remote Usage
		Usr 0 00:00:00, Sys 0 00:00:00  -  Total Local Usage
	0  -  Run Bytes Sent By Job
	0  -  Run Bytes Received By Job
	0  -  Total Bytes Sent By Job
	0  -  Total Bytes Received By Job
	Partitionable Resources :    Usage  Request Allocated
	   Cpus                 :                 1         1
	   Disk (KB)            :        4 20971520  25773096
	   Memory (MB)          :      137    20480     20480
...
001 (20865.017.000) 02/19 20:10:07 Job executing on host: <10.0.0.207:9619?sock=8687_3c0a_3>
...
006 (20865.017.000) 02/19 20:10:17 Image size of job updated: 154496
	151  -  MemoryUsage of job (MB)
	154496  -  ResidentSetSize of job (KB)
...
006 (20865.015.000) 02/19 20:12:29 Image size of job updated: 149752
	138  -  MemoryUsage of job (MB)
	140560  -  ResidentSetSize of job (KB)
...
005 (20865.015.000) 02/19 20:12:29 Job terminated.
	(1) Normal termination (return value 1)
		Usr 0 00:10:49, Sys 0 00:00:06  -  Run Remote Usage
		Usr 0 00:00:00, Sys 0 00:00:00  -  Run Local Usage
		Usr 0 00:10:49, Sys 0 00:00:06  -  Total Remote Usage
		Usr 0 00:00:00, Sys 0 00:00:00  -  Total Local Usage
	0  -  Run Bytes Sent By Job
	0  -  Run Bytes Received By Job
	0  -  Total Bytes Sent By Job
	0  -  Total Bytes Received By Job
	Partitionable Resources :    Usage  Request Allocated
	   Cpus                 :                 1         1
	   Disk (KB)            :        4 20971520  24059592
	   Memory (MB)          :      138    20480     20480
...
006 (20865.017.000) 02/19 20:13:54 Image size of job updated: 511328
	151  -  MemoryUsage of job (MB)
	154496  -  ResidentSetSize of job (KB)
...
005 (20865.017.000) 02/19 20:13:55 Job terminated.
	(1) Normal termination (return value 1)
		Usr 0 00:10:16, Sys 0 00:00:07  -  Run Remote Usage
		Usr 0 00:00:00, Sys 0 00:00:00  -  Run Local Usage
		Usr 0 00:10:16, Sys 0 00:00:07  -  Total Remote Usage
		Usr 0 00:00:00, Sys 0 00:00:00  -  Total Local Usage
	0  -  Run Bytes Sent By Job
	0  -  Run Bytes Received By Job
	0  -  Total Bytes Sent By Job
	0  -  Total Bytes Received By Job
	Partitionable Resources :    Usage  Request Allocated
	   Cpus                 :                 1         1
	   Disk (KB)            :        4 20971520  25773096
	   Memory (MB)          :      151    20480     20480
...
006 (20865.016.000) 02/19 20:14:35 Image size of job updated: 177712
	174  -  MemoryUsage of job (MB)
	177712  -  ResidentSetSize of job (KB)
...
006 (20865.016.000) 02/19 20:19:35 Image size of job updated: 217484
	213  -  MemoryUsage of job (MB)
	217484  -  ResidentSetSize of job (KB)
...
006 (20865.016.000) 02/19 20:24:36 Image size of job updated: 244984
	240  -  MemoryUsage of job (MB)
	244984  -  ResidentSetSize of job (KB)
...
006 (20865.016.000) 02/19 20:25:12 Image size of job updated: 247520
	240  -  MemoryUsage of job (MB)
	244984  -  ResidentSetSize of job (KB)
...
005 (20865.016.000) 02/19 20:25:13 Job terminated.
	(1) Normal termination (return value 1)
		Usr 0 00:18:42, Sys 0 00:00:14  -  Run Remote Usage
		Usr 0 00:00:00, Sys 0 00:00:00  -  Run Local Usage
		Usr 0 00:18:42, Sys 0 00:00:14  -  Total Remote Usage
		Usr 0 00:00:00, Sys 0 00:00:00  -  Total Local Usage
	0  -  Run Bytes Sent By Job
	0  -  Run Bytes Received By Job
	0  -  Total Bytes Sent By Job
	0  -  Total Bytes Received By Job
	Partitionable Resources :    Usage  Request Allocated
	   Cpus                 :                 1         1
	   Disk (KB)            :        4 20971520  22128360
	   Memory (MB)          :      240    20480     20480
...
000 (80023.000.000) 02/19 20:49:02 Job submitted from host: <10.0.0.51:9619?sock=8497_ee0c_3>
...
000 (80023.001.000) 02/19 20:49:02 Job submitted from host: <10.0.0.51:9619?sock=8497_ee0c_3>
...
000 (80023.002.000) 02/19 20:49:02 Job submitted from host: <10.0.0.51:9619?sock=8497_ee0c_3>
...
000 (80023.003.000) 02/19 20:49:02 Job submitted from host: <10.0.0.51:9619?sock=8497_ee0c_3>
...
000 (80023.004.000) 02/19 20:49:02 Job submitted from host: <10.0.0.51:9619?sock=8497_ee0c_3>
...
000 (80023.005.000) 02/19 20:49:02 Job submitted from host: <10.0.0.51:9619?sock=8497_ee0c_3>
...
000 (80023.006.000) 02/19 20:49:02 Job submitted from host: <10.0.0.51:9619?sock=8497_ee0c_3>
...
000 (80023.007.000) 02/19 20:49:02 Job submitted from host: <10.0.0.51:9619?sock=8497_ee0c_3>
...
000 (80023.008.000) 02/19 20:49:02 Job submitted from host: <10.0.0.51:9619?sock=8497_ee0c_3>
...
000 (80023.009.000) 02/19 20:49:02 Job submitted from host: <10.0.0.51:9619?sock=8497_ee0c_3>
...
000 (80023.010.000) 02/19 20:49:02 Job submitted from host: <10.0.0.51:9619?sock=8497_ee0c_3>
...
000 (80023.011.000) 02/19 20:49:02 Job submitted from host: <10.0.0.51:9619?sock=8497_ee0c_3>
...
000 (80023.012.000) 02/19 20:49:02 Job submitted from host: <10.0.0.51:9619?sock=8497_ee0c_3>
...
000 (80023.013.000) 02/19 20:49:02 Job submitted from host: <10.0.0.51:9619?sock=8497_ee0c_3>
...
000 (80023.014.000) 02/19 20:49:02 Job submitted from host: <10.0.0.51:9619?sock=8497_ee0c_3>
...
000 (80023.015.000) 02/19 20:49:02 Job submitted from host: <10.0.0.51:9619?sock=8497_ee0c_3>
...
000 (80023.016.000) 02/19 20:49:02 Job submitted from host: <10.0.0.51:9619?sock=8497_ee0c_3>
...
000 (80023.017.000) 02/19 20:49:02 Job submitted from host: <10.0.0.51:9619?sock=8497_ee0c_3>
...
001 (80023.000.000) 02/19 20:59:32 Job executing on host: <10.0.0.207:9619?sock=8687_3c0a_3>
...
006 (80023.000.000) 02/19 20:59:40 Image size of job updated: 137604
	135  -  MemoryUsage of job (MB)
	137604  -  ResidentSetSize of job (KB)
...
006 (80023.000.000) 02/19 21:01:28 Image size of job updated: 152464
	135  -  MemoryUsage of job (MB)
	137604  -  ResidentSetSize of job (KB)
...
005 (80023.000.000) 02/19 21:01:28 Job terminated.
	(1) Normal termination (return value 0)
		Usr 0 00:07:05, Sys 0 00:00:02  -  Run Remote Usage
		Usr 0 00:00:00, Sys 0 00:00:00  -  Run Local Usage
		Usr 0 00:07:05, Sys 0 00:00:02  -  Total Remote Usage
		Usr 0 00:00:00, Sys 0 00:00:00  -  Total Local Usage
	0  -  Run Bytes Sent By Job
	0  -  Run Bytes Received By Job
	0  -  Total Bytes Sent By Job
	0  -  Total Bytes Received By Job
	Partitionable Resources :    Usage  Request Allocated
	   Cpus                 :                 1         1
	   Disk (KB)            :        4 20971520  25773096
	   Memory (MB)          :      135    20480     20480
...
001 (80023.001.000) 02/19 21:01:34 Job executing on host: <10.0.0.207:9619?sock=8687_3c0a_3>
...
006 (80023.001.000) 02/19 21:01:42 Image size of job updated: 138284
	136  -  MemoryUsage of job (MB)
	138284  -  ResidentSetSize of job (KB)
...
006 (80023.001.000) 02/19 21:03:31 Image size of job updated: 450204
	136  -  MemoryUsage of job (MB)
	138284  -  ResidentSetSize of job (KB)
...
005 (80023.001.000) 02/19 21:03:32 Job terminated.
	(1) Normal termination (return value 0)
		Usr 0 00:07:11, Sys 0 00:00:02  -  Run Remote Usage
		Usr 0 00:00:00, Sys 0 00:00:00  -  Run Local Usage
		Usr 0 00:07:11, Sys 0 00:00:02  -  Total Remote Usage
		Usr 0 00:00:00, Sys 0 00:00:00  -  Total Local Usage
	0  -  Run Bytes Sent By Job
	0  -  Run Bytes Received By Job
	0  -  Total Bytes Sent By Job
	0  -  Total Bytes Received By Job
	Partitionable Resources :    Usage  Request Allocated
	   Cpus                 :                 1         1
	   Disk (KB)            :        4 20971520  25773096
	   Memory (MB)          :      136    20480     20480
...
001 (80023.002.000) 02/19 21:03:56 Job executing on host: <10.0.0.207:9619?sock=8687_3c0a_3>
...
006 (80023.002.000) 02/19 21:04:04 Image size of job updated: 139376
	137  -  MemoryUsage of job (MB)
	139376  -  ResidentSetSize of job (KB)
...
006 (80023.002.000) 02/19 21:05:53 Image size of job updated: 146492
	137  -  MemoryUsage of job (MB)
	139376  -  ResidentSetSize of job (KB)
...
005 (80023.002.000) 02/19 21:05:54 Job terminated.
	(1) Normal termination (return value 0)
		Usr 0 00:07:03, Sys 0 00:00:02  -  Run Remote Usage
		Usr 0 00:00:00, Sys 0 00:00:00  -  Run Local Usage
		Usr 0 00:07:03, Sys 0 00:00:02  -  Total Remote Usage
		Usr 0 00:00:00, Sys 0 00:00:00  -  Total Local Usage
	0  -  Run Bytes Sent By Job
	0  -  Run Bytes Received By Job
	0  -  Total Bytes Sent By Job
	0  -  Total Bytes Received By Job
	Partitionable Resources :    Usage  Request Allocated
	   Cpus                 :                 1         1
	   Disk (KB)            :        4 20971520  25773096
	   Memory (MB)          :      137    20480     20480
...
001 (80023.003.000) 02/19 21:06:18 Job executing on host: <10.0.0.207:9619?sock=8687_3c0a_3>
...
006 (80023.003.000) 02/19 21:06:27 Image size of job updated: 135920
	133  -  MemoryUsage of job (MB)
	135920  -  ResidentSetSize of job (KB)
...
006 (80023.003.000) 02/19 21:08:17 Image size of job updated: 451128
	133  -  MemoryUsage of job (MB)
	135920  -  ResidentSetSize of job (KB)
...
005 (80023.003.000) 02/19 21:08:18 Job terminated.
	(1) Normal termination (return value 0)
		Usr 0 00:07:16, Sys 0 00:00:02  -  Run Remote Usage
		Usr 0 00:00:00, Sys 0 00:00:00  -  Run Local Usage
		Usr 0 00:07:16, Sys 0 00:00:02  -  Total Remote Usage
		Usr 0 00:00:00, Sys 0 00:00:00  -  Total Local Usage
	0  -  Run Bytes Sent By Job
	0  -  Run Bytes Received By Job
	0  -  Total Bytes Sent By Job
	0  -  Total Bytes Received By Job
	Partitionable Resources :    Usage  Request Allocated
	   Cpus                 :                 1         1
	   Disk (KB)            :        4 20971520  25773096
	   Memory (MB)          :      133    20480     20480
...
001 (80023.004.000) 02/19 21:08:40 Job executing on host: <10.0.0.207:9619?sock=8687_3c0a_3>
...
006 (80023.004.000) 02/19 21:08:49 Image size of job updated: 136304
	134  -  MemoryUsage of job (MB)
	136304  -  ResidentSetSize of job (KB)
...
006 (80023.004.000) 02/19 21:10:42 Image size of job updated: 147864
	134  -  MemoryUsage of job (MB)
	136304  -  ResidentSetSize of job (KB)
...
005 (80023.004.000) 02/19 21:10:42 Job terminated.
	(1) Normal termination (return value 0)
		Usr 0 00:07:14, Sys 0 00:00:02  -  Run Remote Usage
		Usr 0 00:00:00, Sys 0 00:00:00  -  Run Local Usage
		Usr 0 00:07:14, Sys 0 00:00:02  -  Total Remote Usage
		Usr 0 00:00:00, Sys 0 00:00:00  -  Total Local Usage
	0  -  Run Bytes Sent By Job
	0  -  Run Bytes Received By Job
	0  -  Total Bytes Sent By Job
	0  -  Total Bytes Received By Job
	Partitionable Resources :    Usage  Request Allocated
	   Cpus                 :                 1         1
	   Disk (KB)            :        4 20971520  25773096
	   Memory (MB)          :      134    20480     20480
...
001 (80023.005.000) 02/19 21:11:03 Job executing on host: <10.0.0.207:9619?sock=8687_3c0a_3>
...
006 (80023.005.000) 02/19 21:11:11 Image size of job updated: 146144
	143  -  MemoryUsage of job (MB)
	146144  -  ResidentSetSize of job (KB)
...
006 (80023.005.000) 02/19 21:13:03 Image size of job updated: 153828
	143  -  MemoryUsage of job (MB)
	146144  -  ResidentSetSize of job (KB)
...
005 (80023.005.000) 02/19 21:13:03 Job terminated.
	(1) Normal termination (return value 0)
		Usr 0 00:07:19, Sys 0 00:00:02  -  Run Remote Usage
		Usr 0 00:00:00, Sys 0 00:00:00  -  Run Local Usage
		Usr 0 00:07:19, Sys 0 00:00:02  -  Total Remote Usage
		Usr 0 00:00:00, Sys 0 00:00:00  -  Total Local Usage
	0  -  Run Bytes Sent By Job
	0  -  Run Bytes Received By Job
	0  -  Total Bytes Sent By Job
	0  -  Total Bytes Received By Job
	Partitionable Resources :    Usage  Request Allocated
	   Cpus                 :                 1         1
	   Disk (KB)            :        4 20971520  25773096
	   Memory (MB)          :      143    20480     20480
...
001 (80023.006.000) 02/19 21:13:25 Job executing on host: <10.0.0.207:9619?sock=8687_3c0a_3>
...
006 (80023.006.000) 02/19 21:13:33 Image size of job updated: 145360
	142  -  MemoryUsage of job (MB)
	145360  -  ResidentSetSize of job (KB)
...
006 (80023.006.000) 02/19 21:15:39 Image size of job updated: 145440
	142  -  MemoryUsage of job (MB)
	145360  -  ResidentSetSize of job (KB)
...
005 (80023.006.000) 02/19 21:15:39 Job terminated.
	(1) Normal termination (return value 0)
		Usr 0 00:07:39, Sys 0 00:00:04  -  Run Remote Usage
		Usr 0 00:00:00, Sys 0 00:00:00  -  Run Local Usage
		Usr 0 00:07:39, Sys 0 00:00:04  -  Total Remote Usage
		Usr 0 00:00:00, Sys 0 00:00:00  -  Total Local Usage
	0  -  Run Bytes Sent By Job
	0  -  Run Bytes Received By Job
	0  -  Total Bytes Sent By Job
	0  -  Total Bytes Received By Job
	Partitionable Resources :    Usage  Request Allocated
	   Cpus                 :                 1         1
	   Disk (KB)            :        4 20971520  25773096
	   Memory (MB)          :      142    20480     20480
...
001 (80023.007.000) 02/19 21:15:47 Job executing on host: <10.0.0.207:9619?sock=8687_3c0a_3>
...
006 (80023.007.000) 02/19 21:15:56 Image size of job updated: 141184
	138  -  MemoryUsage of job (MB)
	141184  -  ResidentSetSize of job (KB)
...
006 (80023.007.000) 02/19 21:17:52 Image size of job updated: 458072
	138  -  MemoryUsage of job (MB)
	141184  -  ResidentSetSize of job (KB)
...
005 (80023.007.000) 02/19 21:17:52 Job terminated.
	(1) Normal termination (return value 0)
		Usr 0 00:07:38, Sys 0 00:00:02  -  Run Remote Usage
		Usr 0 00:00:00, Sys 0 00:00:00  -  Run Local Usage
		Usr 0 00:07:38, Sys 0 00:00:02  -  Total Remote Usage
		Usr 0 00:00:00, Sys 0 00:00:00  -  Total Local Usage
	0  -  Run Bytes Sent By Job
	0  -  Run Bytes Received By Job
	0  -  Total Bytes Sent By Job
	0  -  Total Bytes Received By Job
	Partitionable Resources :    Usage  Request Allocated
	   Cpus                 :                 1         1
	   Disk (KB)            :        4 20971520  25773096
	   Memory (MB)          :      138    20480     20480
...
001 (80023.008.000) 02/19 21:18:08 Job executing on host: <10.0.0.207:9619?sock=8687_3c0a_3>
...
006 (80023.008.000) 02/19 21:18:17 Image size of job updated: 138896
	136  -  MemoryUsage of job (MB)
	138896  -  ResidentSetSize of job (KB)
...
006 (80023.008.000) 02/19 21:20:16 Image size of job updated: 149460
	136  -  MemoryUsage of job (MB)
	138896  -  ResidentSetSize of job (KB)
...
005 (80023.008.000) 02/19 21:20:17 Job terminated.
	(1) Normal termination (return value 0)
		Usr 0 00:08:01, Sys 0 00:00:02  -  Run Remote Usage
		Usr 0 00:00:00, Sys 0 00:00:00  -  Run Local Usage
		Usr 0 00:08:01, Sys 0 00:00:02  -  Total Remote Usage
		Usr 0 00:00:00, Sys 0 00:00:00  -  Total Local Usage
	0  -  Run Bytes Sent By Job
	0  -  Run Bytes Received By Job
	0  -  Total Bytes Sent By Job
	0  -  Total Bytes Received By Job
	Partitionable Resources :    Usage  Request Allocated
	   Cpus                 :                 1         1
	   Disk (KB)            :        4 20971520  25773096
	   Memory (MB)          :      136    20480     20480
...
001 (80023.009.000) 02/19 21:20:31 Job executing on host: <10.0.0.207:9619?sock=8687_3c0a_3>
...
006 (80023.009.000) 02/19 21:20:39 Image size of job updated: 135952
	133  -  MemoryUsage of job (MB)
	135952  -  ResidentSetSize of job (KB)
...
006 (80023.009.000) 02/19 21:22:47 Image size of job updated: 147336
	133  -  MemoryUsage of job (MB)
	135952  -  ResidentSetSize of job (KB)
...
005 (80023.009.000) 02/19 21:22:47 Job terminated.
	(1) Normal termination (return value 0)
		Usr 0 00:08:09, Sys 0 00:00:04  -  Run Remote Usage
		Usr 0 00:00:00, Sys 0 00:00:00  -  Run Local Usage
		Usr 0 00:08:09, Sys 0 00:00:04  -  Total Remote Usage
		Usr 0 00:00:00, Sys 0 00:00:00  -  Total Local Usage
	0  -  Run Bytes Sent By Job
	0  -  Run Bytes Received By Job
	0  -  Total Bytes Sent By Job
	0  -  Total Bytes Received By Job
	Partitionable Resources :    Usage  Request Allocated
	   Cpus                 :                 1         1
	   Disk (KB)            :        4 20971520  25773096
	   Memory (MB)          :      133    20480     20480
...
001 (80023.010.000) 02/19 21:22:53 Job executing on host: <10.0.0.207:9619?sock=8687_3c0a_3>
...
006 (80023.010.000) 02/19 21:23:01 Image size of job updated: 137720
	135  -  MemoryUsage of job (MB)
	137720  -  ResidentSetSize of job (KB)
...
006 (80023.010.000) 02/19 21:25:16 Image size of job updated: 151352
	135  -  MemoryUsage of job (MB)
	137720  -  ResidentSetSize of job (KB)
...
005 (80023.010.000) 02/19 21:25:16 Job terminated.
	(1) Normal termination (return value 0)
		Usr 0 00:08:36, Sys 0 00:00:02  -  Run Remote Usage
		Usr 0 00:00:00, Sys 0 00:00:00  -  Run Local Usage
		Usr 0 00:08:36, Sys 0 00:00:02  -  Total Remote Usage
		Usr 0 00:00:00, Sys 0 00:00:00  -  Total Local Usage
	0  -  Run Bytes Sent By Job
	0  -  Run Bytes Received By Job
	0  -  Total Bytes Sent By Job
	0  -  Total Bytes Received By Job
	Partitionable Resources :    Usage  Request Allocated
	   Cpus                 :                 1         1
	   Disk (KB)            :        4 20971520  25773096
	   Memory (MB)          :      135    20480     20480
...
001 (80023.011.000) 02/19 21:25:35 Job executing on host: <10.0.0.207:9619?sock=8687_3c0a_3>
...
006 (80023.011.000) 02/19 21:25:45 Image size of job updated: 144352
	141  -  MemoryUsage of job (MB)
	144352  -  ResidentSetSize of job (KB)
...
006 (80023.011.000) 02/19 21:28:07 Image size of job updated: 147124
	141  -  MemoryUsage of job (MB)
	144352  -  ResidentSetSize of job (KB)
...
005 (80023.011.000) 02/19 21:28:08 Job terminated.
	(1) Normal termination (return value 0)
		Usr 0 00:08:45, Sys 0 00:00:04  -  Run Remote Usage
		Usr 0 00:00:00, Sys 0 00:00:00  -  Run Local Usage
		Usr 0 00:08:45, Sys 0 00:00:04  -  Total Remote Usage
		Usr 0 00:00:00, Sys 0 00:00:00  -  Total Local Usage
	0  -  Run Bytes Sent By Job
	0  -  Run Bytes Received By Job
	0  -  Total Bytes Sent By Job
	0  -  Total Bytes Received By Job
	Partitionable Resources :    Usage  Request Allocated
	   Cpus                 :                 1         1
	   Disk (KB)            :        4 20971520  25773096
	   Memory (MB)          :      141    20480     20480
...
001 (80023.012.000) 02/19 21:28:17 Job executing on host: <10.0.0.207:9619?sock=8687_3c0a_3>
...
006 (80023.012.000) 02/19 21:28:26 Image size of job updated: 139352
	137  -  MemoryUsage of job (MB)
	139352  -  ResidentSetSize of job (KB)
...
001 (80023.013.000) 02/19 21:29:19 Job executing on host: <10.0.0.11:9619?sock=8718_2057_3>
...
006 (80023.013.000) 02/19 21:29:28 Image size of job updated: 136048
	133  -  MemoryUsage of job (MB)
	136048  -  ResidentSetSize of job (KB)
...
006 (80023.012.000) 02/19 21:30:41 Image size of job updated: 149548
	137  -  MemoryUsage of job (MB)
	139352  -  ResidentSetSize of job (KB)
...
005 (80023.012.000) 02/19 21:30:41 Job terminated.
	(1) Normal termination (return value 0)
		Usr 0 00:08:33, Sys 0 00:00:04  -  Run Remote Usage
		Usr 0 00:00:00, Sys 0 00:00:00  -  Run Local Usage
		Usr 0 00:08:33, Sys 0 00:00:04  -  Total Remote Usage
		Usr 0 00:00:00, Sys 0 00:00:00  -  Total Local Usage
	0  -  Run Bytes Sent By Job
	0  -  Run Bytes Received By Job
	0  -  Total Bytes Sent By Job
	0  -  Total Bytes Received By Job
	Partitionable Resources :    Usage  Request Allocated
	   Cpus                 :                 1         1
	   Disk (KB)            :        4 20971520  25773096
	   Memory (MB)          :      137    20480     20480
...
001 (80023.014.000) 02/19 21:31:00 Job executing on host: <10.0.0.207:9619?sock=8687_3c0a_3>
...
006 (80023.014.000) 02/19 21:31:08 Image size of job updated: 143632
	141  -  MemoryUsage of job (MB)
	143632  -  ResidentSetSize of job (KB)
...
006 (80023.013.000) 02/19 21:33:17 Image size of job updated: 145036
	133  -  MemoryUsage of job (MB)
	136048  -  ResidentSetSize of job (KB)
...
005 (80023.013.000) 02/19 21:33:17 Job terminated.
	(1) Normal termination (return value 0)
		Usr 0 00:10:33, Sys 0 00:00:06  -  Run Remote Usage
		Usr 0 00:00:00, Sys 0 00:00:00  -  Run Local Usage
		Usr 0 00:10:33, Sys 0 00:00:06  -  Total Remote Usage
		Usr 0 00:00:00, Sys 0 00:00:00  -  Total Local Usage
	0  -  Run Bytes Sent By Job
	0  -  Run Bytes Received By Job
	0  -  Total Bytes Sent By Job
	0  -  Total Bytes Received By Job
	Partitionable Resources :    Usage  Request Allocated
	   Cpus                 :                 1         1
	   Disk (KB)            :        4 20971520  26159904
	   Memory (MB)          :      133    20480     20480
...
001 (80023.015.000) 02/19 21:33:22 Job executing on host: <10.0.0.11:9619?sock=8718_2057_3>
...
006 (80023.015.000) 02/19 21:33:31 Image size of job updated: 144344
	141  -  MemoryUsage of job (MB)
	144344  -  ResidentSetSize of job (KB)
...
006 (80023.014.000) 02/19 21:33:38 Image size of job updated: 145396
	141  -  MemoryUsage of job (MB)
	143632  -  ResidentSetSize of job (KB)
...
005 (80023.014.000) 02/19 21:33:38 Job terminated.
	(1) Normal termination (return value 0)
		Usr 0 00:09:38, Sys 0 00:00:03  -  Run Remote Usage
		Usr 0 00:00:00, Sys 0 00:00:00  -  Run Local Usage
		Usr 0 00:09:38, Sys 0 00:00:03  -  Total Remote Usage
		Usr 0 00:00:00, Sys 0 00:00:00  -  Total Local Usage
	0  -  Run Bytes Sent By Job
	0  -  Run Bytes Received By Job
	0  -  Total Bytes Sent By Job
	0  -  Total Bytes Received By Job
	Partitionable Resources :    Usage  Request Allocated
	   Cpus                 :                 1         1
	   Disk (KB)            :        4 20971520  25773096
	   Memory (MB)          :      141    20480     20480
...
001 (80023.016.000) 02/19 21:34:03 Job executing on host: <10.0.0.207:9619?sock=8687_3c0a_3>
...
006 (80023.016.000) 02/19 21:34:11 Image size of job updated: 143544
	141  -  MemoryUsage of job (MB)
	143544  -  ResidentSetSize of job (KB)
...
006 (80023.015.000) 02/19 21:37:27 Image size of job updated: 147568
	141  -  MemoryUsage of job (MB)
	144344  -  ResidentSetSize of job (KB)
...
005 (80023.015.000) 02/19 21:37:28 Job terminated.
	(1) Normal termination (return value 0)
		Usr 0 00:11:00, Sys 0 00:00:06  -  Run Remote Usage
		Usr 0 00:00:00, Sys 0 00:00:00  -  Run Local Usage
		Usr 0 00:11:00, Sys 0 00:00:06  -  Total Remote Usage
		Usr 0 00:00:00, Sys 0 00:00:00  -  Total Local Usage
	0  -  Run Bytes Sent By Job
	0  -  Run Bytes Received By Job
	0  -  Total Bytes Sent By Job
	0  -  Total Bytes Received By Job
	Partitionable Resources :    Usage  Request Allocated
	   Cpus                 :                 1         1
	   Disk (KB)            :        4 20971520  26159904
	   Memory (MB)          :      141    20480     20480
...
001 (80023.017.000) 02/19 21:37:46 Job executing on host: <10.0.0.11:9619?sock=8718_2057_3>
...
006 (80023.017.000) 02/19 21:37:55 Image size of job updated: 147060
	144  -  MemoryUsage of job (MB)
	147060  -  ResidentSetSize of job (KB)
...
006 (80023.016.000) 02/19 21:39:11 Image size of job updated: 187724
	184  -  MemoryUsage of job (MB)
	187724  -  ResidentSetSize of job (KB)
...
006 (80023.016.000) 02/19 21:41:51 Image size of job updated: 293920
	184  -  MemoryUsage of job (MB)
	187724  -  ResidentSetSize of job (KB)
...
005 (80023.016.000) 02/19 21:41:52 Job terminated.
	(1) Normal termination (return value 0)
		Usr 0 00:14:57, Sys 0 00:00:13  -  Run Remote Usage
		Usr 0 00:00:00, Sys 0 00:00:00  -  Run Local Usage
		Usr 0 00:14:57, Sys 0 00:00:13  -  Total Remote Usage
		Usr 0 00:00:00, Sys 0 00:00:00  -  Total Local Usage
	0  -  Run Bytes Sent By Job
	0  -  Run Bytes Received By Job
	0  -  Total Bytes Sent By Job
	0  -  Total Bytes Received By Job
	Partitionable Resources :    Usage  Request Allocated
	   Cpus                 :                 1         1
	   Disk (KB)            :        4 20971520  25773096
	   Memory (MB)          :      184    20480     20480
...
006 (80023.017.000) 02/19 21:42:56 Image size of job updated: 186060
	182  -  MemoryUsage of job (MB)
	186060  -  ResidentSetSize of job (KB)
...
006 (80023.017.000) 02/19 21:43:40 Image size of job updated: 217408
	182  -  MemoryUsage of job (MB)
	186060  -  ResidentSetSize of job (KB)
...
005 (80023.017.000) 02/19 21:43:41 Job terminated.
	(1) Normal termination (return value 0)
		Usr 0 00:13:27, Sys 0 00:00:07  -  Run Remote Usage
		Usr 0 00:00:00, Sys 0 00:00:00  -  Run Local Usage
		Usr 0 00:13:27, Sys 0 00:00:07  -  Total Remote Usage
		Usr 0 00:00:00, Sys 0 00:00:00  -  Total Local Usage
	0  -  Run Bytes Sent By Job
	0  -  Run Bytes Received By Job
	0  -  Total Bytes Sent By Job
	0  -  Total Bytes Received By Job
	Partitionable Resources :    Usage  Request Allocated
	   Cpus                 :                 1         1
	   Disk (KB)            :        4 20971520  26159904
	   Memory (MB)          :      182    20480     20480
...
